SF:lib/features/commission/domain/entities/commission_filter.dart
DA:11,3
DA:19,9
DA:21,2
DA:25,2
DA:26,2
DA:27,2
DA:32,2
DA:33,4
DA:34,2
DA:35,1
DA:37,2
DA:40,0
DA:41,0
LF:13
LH:11
end_of_record
SF:lib/features/commission/domain/entities/commission_listing.dart
DA:10,2
DA:52,8
DA:54,0
DA:67,0
DA:68,0
DA:69,0
DA:70,0
DA:71,0
DA:72,0
DA:73,0
DA:74,0
DA:75,0
DA:76,0
DA:77,0
DA:78,0
DA:82,0
DA:83,0
DA:84,0
DA:85,0
DA:86,0
DA:87,0
DA:88,0
DA:89,0
DA:90,0
DA:91,0
DA:92,0
DA:93,0
DA:94,0
LF:28
LH:2
end_of_record
SF:lib/features/commission/presentation/view_model/commission_state.dart
DA:7,2
DA:11,1
DA:16,1
DA:20,2
DA:42,2
DA:49,2
DA:50,2
DA:51,2
DA:52,2
DA:53,0
DA:54,0
DA:60,0
LF:12
LH:9
end_of_record
SF:lib/features/commission/presentation/view_model/commission_view_model.dart
DA:11,4
DA:18,4
DA:22,2
DA:26,2
DA:27,2
DA:28,2
DA:29,2
DA:30,2
DA:31,4
DA:36,2
DA:37,2
DA:39,2
DA:40,2
DA:41,2
DA:42,2
DA:43,2
DA:44,2
DA:45,2
DA:46,2
DA:47,4
DA:48,2
DA:49,2
DA:55,2
DA:56,4
DA:57,16
DA:58,4
DA:60,2
DA:61,6
DA:63,4
DA:64,2
DA:65,2
DA:66,2
DA:67,0
DA:68,2
DA:69,5
DA:70,2
DA:71,10
LF:37
LH:36
end_of_record
SF:lib/core/presentation/view_model.dart
DA:22,2
DA:26,4
DA:33,4
LF:3
LH:3
end_of_record
SF:lib/core/theme/benny_style_initializer.dart
DA:15,5
DA:16,10
DA:17,5
DA:18,5
DA:19,5
DA:20,5
DA:23,10
DA:24,10
LF:8
LH:8
end_of_record
SF:lib/features/commission/presentation/widgets/commission_card.dart
DA:14,2
DA:19,2
DA:21,4
DA:22,6
DA:24,2
DA:25,2
DA:26,2
DA:27,6
DA:28,2
DA:29,4
DA:31,6
DA:32,6
DA:34,2
DA:36,2
DA:37,2
DA:38,6
DA:39,6
DA:48,2
DA:52,2
DA:54,2
DA:57,2
DA:58,2
DA:61,14
DA:63,8
DA:65,2
DA:67,12
DA:75,2
DA:80,2
DA:82,4
DA:84,2
DA:86,2
DA:87,2
DA:89,2
DA:90,2
DA:91,2
DA:92,4
DA:95,6
DA:96,4
DA:101,6
DA:102,2
DA:103,4
DA:104,4
DA:105,4
DA:106,4
DA:111,2
DA:112,2
DA:113,2
DA:114,4
DA:116,2
DA:117,2
DA:118,2
DA:119,2
DA:120,4
DA:121,6
DA:126,4
DA:127,6
DA:132,6
DA:133,2
DA:135,2
DA:136,2
DA:137,6
DA:138,6
DA:139,4
DA:144,4
DA:147,6
DA:148,6
DA:149,6
DA:157,2
DA:162,2
DA:165,10
DA:166,6
DA:168,2
DA:169,2
DA:170,6
DA:171,6
DA:173,2
DA:174,6
DA:175,8
DA:177,2
DA:179,2
DA:180,2
DA:181,6
DA:183,2
DA:185,4
DA:186,8
DA:187,6
DA:198,2
DA:203,2
DA:205,2
DA:206,2
DA:207,6
DA:208,6
DA:210,2
DA:211,6
DA:212,8
DA:214,2
DA:216,2
DA:217,2
DA:218,6
DA:220,2
DA:221,8
DA:222,8
DA:223,6
DA:233,2
DA:234,4
DA:235,2
DA:239,2
DA:246,2
DA:248,2
DA:249,2
DA:250,2
DA:251,4
DA:252,4
DA:255,2
DA:256,4
DA:257,8
DA:258,2
DA:259,4
DA:260,8
LF:119
LH:119
end_of_record
SF:lib/features/home/presentation/widgets/status_badge.dart
DA:9,2
DA:24,2
DA:26,4
DA:28,2
DA:29,2
DA:30,4
DA:31,4
DA:33,2
DA:34,2
DA:35,6
DA:37,2
DA:39,2
DA:40,4
DA:41,6
DA:44,2
DA:45,2
DA:46,4
DA:47,4
LF:18
LH:18
end_of_record
SF:lib/core/deep_link/deep_link_service.dart
DA:14,0
DA:16,0
DA:22,0
DA:24,0
DA:26,0
DA:30,0
DA:33,0
DA:34,0
DA:37,0
DA:40,0
DA:41,0
DA:44,0
DA:45,0
DA:52,0
DA:53,0
LF:15
LH:0
end_of_record
SF:lib/core/router/app_router.dart
DA:26,2
DA:96,0
DA:99,0
DA:102,0
DA:105,0
LF:5
LH:1
end_of_record
SF:lib/core/di/injection.dart
DA:63,15
DA:65,0
DA:67,0
DA:70,0
DA:73,0
DA:74,0
DA:77,0
DA:78,0
DA:79,0
DA:81,0
DA:89,0
DA:90,0
DA:91,0
DA:92,0
DA:93,0
DA:96,0
DA:97,0
DA:98,0
DA:105,0
DA:106,0
DA:110,0
DA:113,0
DA:114,0
DA:116,0
DA:119,0
DA:120,0
DA:121,0
DA:122,0
DA:123,0
DA:124,0
DA:125,0
DA:126,0
DA:127,0
DA:135,0
DA:137,0
DA:141,0
DA:142,0
DA:143,0
DA:144,0
DA:148,0
DA:149,0
DA:151,0
DA:152,0
DA:154,0
DA:155,0
DA:160,0
DA:161,0
DA:162,0
DA:163,0
DA:164,0
DA:170,0
DA:171,0
DA:172,0
DA:174,0
DA:175,0
DA:177,0
DA:178,0
DA:183,0
DA:184,0
DA:185,0
DA:186,0
DA:187,0
DA:188,0
DA:194,0
DA:195,0
DA:199,0
DA:200,0
DA:208,0
DA:209,0
DA:212,0
DA:213,0
DA:214,0
DA:217,0
DA:218,0
DA:222,0
DA:223,0
DA:227,0
DA:228,0
DA:233,0
DA:234,0
DA:238,0
DA:239,0
DA:240,0
DA:248,0
DA:252,0
DA:256,0
DA:259,0
DA:260,0
DA:261,0
DA:262,0
DA:263,0
DA:268,0
DA:269,0
DA:271,0
DA:272,0
DA:274,0
DA:275,0
DA:277,0
DA:278,0
DA:280,0
DA:281,0
DA:283,0
DA:284,0
DA:286,0
DA:287,0
DA:289,0
DA:290,0
DA:294,0
DA:295,0
DA:296,0
DA:297,0
DA:300,0
DA:301,0
DA:303,0
DA:304,0
DA:305,0
LF:116
LH:1
end_of_record
SF:lib/environments/env.dart
DA:16,0
DA:17,0
DA:20,0
DA:21,0
DA:22,0
DA:24,0
DA:26,0
DA:28,0
DA:29,0
DA:30,0
DA:31,0
DA:37,0
DA:39,0
DA:40,0
DA:45,0
DA:46,0
DA:49,0
DA:53,0
DA:55,0
DA:57,0
DA:59,0
DA:61,0
LF:22
LH:0
end_of_record
SF:lib/features/auth/data/datasources/auth_mock_data_source.dart
DA:38,0
DA:65,0
DA:67,0
DA:68,0
DA:70,0
DA:72,0
DA:73,0
DA:76,0
DA:78,0
DA:79,0
DA:80,0
DA:82,0
DA:83,0
DA:84,0
DA:87,0
DA:89,0
DA:90,0
DA:91,0
DA:94,0
DA:96,0
DA:97,0
DA:100,0
DA:104,0
DA:105,0
DA:106,0
DA:109,0
DA:113,0
DA:114,0
DA:115,0
DA:116,0
DA:120,0
DA:122,0
DA:123,0
DA:127,0
DA:128,0
DA:129,0
DA:130,0
DA:136,0
DA:137,0
DA:140,0
DA:146,0
DA:147,0
DA:148,0
LF:43
LH:0
end_of_record
SF:lib/features/auth/data/datasources/pre_auth_session.dart
DA:18,0
DA:21,0
DA:25,0
DA:26,0
DA:29,0
LF:5
LH:0
end_of_record
SF:lib/features/auth/data/repositories/auth_repository_imp.dart
DA:28,0
DA:44,0
DA:49,0
DA:50,0
DA:56,0
DA:58,0
DA:59,0
DA:60,0
DA:61,0
DA:63,0
DA:71,0
DA:72,0
DA:74,0
DA:78,0
DA:79,0
DA:83,0
DA:88,0
DA:89,0
DA:98,0
DA:99,0
DA:100,0
DA:105,0
DA:107,0
DA:108,0
DA:113,0
DA:114,0
DA:115,0
DA:117,0
DA:118,0
DA:120,0
DA:126,0
DA:127,0
DA:131,0
DA:132,0
DA:135,0
DA:139,0
DA:141,0
DA:142,0
DA:144,0
DA:149,0
DA:150,0
DA:152,0
DA:154,0
DA:155,0
DA:156,0
DA:159,0
DA:161,0
DA:162,0
DA:165,0
DA:166,0
DA:169,0
DA:171,0
DA:172,0
DA:174,0
DA:178,0
DA:181,0
DA:184,0
DA:185,0
DA:190,0
DA:192,0
LF:60
LH:0
end_of_record
SF:lib/features/auth/domain/use_cases/forgot_password_use_case.dart
DA:6,0
DA:12,0
DA:14,0
LF:3
LH:0
end_of_record
SF:lib/features/auth/domain/use_cases/is_logged_in_use_case.dart
DA:6,0
DA:10,0
DA:11,0
LF:3
LH:0
end_of_record
SF:lib/features/auth/domain/use_cases/login_use_case.dart
DA:6,0
DA:13,0
DA:17,0
DA:19,0
LF:4
LH:0
end_of_record
SF:lib/features/auth/domain/use_cases/logout_use_case.dart
DA:8,0
DA:12,0
DA:13,0
LF:3
LH:0
end_of_record
SF:lib/features/auth/domain/use_cases/register_password_use_case.dart
DA:8,0
DA:12,0
DA:14,0
LF:3
LH:0
end_of_record
SF:lib/features/auth/domain/use_cases/reset_password_use_case.dart
DA:7,0
DA:11,0
DA:13,0
LF:3
LH:0
end_of_record
SF:lib/features/auth/domain/use_cases/sign_up_use_case.dart
DA:6,0
DA:16,0
DA:20,0
DA:21,0
DA:22,0
DA:23,0
LF:6
LH:0
end_of_record
SF:lib/features/auth/domain/use_cases/verify_otp_use_case.dart
DA:9,0
DA:13,0
DA:15,0
LF:3
LH:0
end_of_record
SF:lib/features/auth/presentation/view_model/auth_view_model.dart
DA:16,0
DA:21,0
DA:26,0
DA:27,0
DA:29,0
DA:30,0
DA:33,0
DA:34,0
DA:35,0
DA:36,0
DA:38,0
DA:39,0
DA:40,0
DA:41,0
DA:47,0
DA:49,0
DA:50,0
DA:52,0
DA:53,0
DA:54,0
DA:55,0
LF:21
LH:0
end_of_record
SF:lib/features/auth/presentation/view_model/forgot_password_view_model.dart
DA:9,0
DA:11,0
DA:15,0
DA:16,0
DA:17,0
DA:19,0
DA:24,0
DA:25,0
DA:28,0
DA:31,0
DA:32,0
DA:33,0
DA:34,0
DA:35,0
LF:14
LH:0
end_of_record
SF:lib/features/auth/presentation/view_model/sign_up_view_model.dart
DA:15,0
DA:17,0
DA:21,0
DA:22,0
DA:23,0
DA:25,0
DA:30,0
DA:31,0
DA:34,0
DA:36,0
DA:37,0
DA:41,0
DA:42,0
DA:43,0
DA:46,0
DA:47,0
DA:49,0
DA:52,0
DA:53,0
DA:54,0
LF:20
LH:0
end_of_record
SF:lib/features/home/presentation/view_model/home_view_model.dart
DA:10,0
DA:12,0
DA:14,0
DA:16,0
DA:17,0
DA:18,0
DA:19,0
LF:7
LH:0
end_of_record
SF:lib/features/main/presentation/view_model/main_view_model.dart
DA:6,0
DA:16,0
DA:17,0
DA:20,0
LF:4
LH:0
end_of_record
SF:lib/features/onboarding/presentation/view_model/billing_info_view_model.dart
DA:7,0
DA:9,0
DA:10,0
DA:12,0
DA:13,0
DA:15,0
DA:16,0
DA:18,0
DA:19,0
DA:21,0
DA:22,0
DA:25,0
LF:12
LH:0
end_of_record
SF:lib/features/onboarding/presentation/view_model/personal_info_view_model.dart
DA:8,0
DA:10,0
DA:11,0
DA:13,0
DA:14,0
DA:16,0
DA:17,0
DA:19,0
DA:20,0
DA:22,0
DA:23,0
DA:25,0
DA:26,0
DA:28,0
DA:29,0
DA:31,0
DA:32,0
DA:35,0
LF:18
LH:0
end_of_record
SF:lib/features/profile/data/datasources/user_mock_data_source.dart
DA:22,0
DA:34,0
DA:36,0
DA:37,0
DA:38,0
DA:41,0
DA:43,0
DA:44,0
DA:48,0
DA:49,0
DA:50,0
DA:51,0
DA:56,0
DA:57,0
DA:58,0
DA:60,0
DA:63,0
LF:17
LH:0
end_of_record
SF:lib/features/profile/data/repositories/profile_repository_impl.dart
DA:10,0
DA:15,0
DA:17,0
DA:18,0
DA:21,0
DA:26,0
DA:27,0
LF:7
LH:0
end_of_record
SF:lib/features/profile/domain/use_cases/change_password_use_case.dart
DA:5,0
DA:15,0
DA:19,0
DA:21,0
DA:22,0
DA:23,0
LF:6
LH:0
end_of_record
SF:lib/features/profile/domain/use_cases/get_profile_use_case.dart
DA:7,0
DA:11,0
DA:13,0
LF:3
LH:0
end_of_record
SF:lib/features/profile/presentation/view_model/profile_view_model.dart
DA:12,0
DA:14,0
DA:18,0
DA:20,0
DA:24,0
DA:27,0
DA:28,0
DA:29,0
DA:30,0
DA:35,0
DA:36,0
DA:37,0
LF:12
LH:0
end_of_record
SF:lib/features/app_update/data/datasources/app_update_mock_data_source.dart
DA:19,0
DA:28,0
DA:30,0
DA:31,0
DA:32,0
DA:33,0
DA:34,0
DA:37,0
LF:8
LH:0
end_of_record
SF:lib/features/app_update/data/repositories/app_update_repository_impl.dart
DA:14,0
DA:23,0
DA:25,0
DA:26,0
DA:29,0
DA:31,0
DA:32,0
DA:35,0
DA:37,0
DA:39,0
DA:41,0
DA:43,0
DA:45,0
DA:48,0
LF:14
LH:0
end_of_record
SF:lib/features/app_update/domain/use_cases/check_app_update_use_case.dart
DA:10,0
DA:14,0
DA:16,0
DA:21,0
DA:23,0
DA:27,0
DA:28,0
DA:29,0
DA:30,0
DA:34,0
DA:36,0
DA:41,0
DA:42,0
DA:45,0
LF:14
LH:0
end_of_record
SF:lib/features/app_update/domain/use_cases/dismiss_optional_update_use_case.dart
DA:7,0
DA:11,0
DA:13,0
LF:3
LH:0
end_of_record
SF:lib/features/app_update/domain/use_cases/open_store_use_case.dart
DA:6,0
DA:10,0
DA:11,0
LF:3
LH:0
end_of_record
SF:lib/features/app_update/presentation/app_update_overlay.dart
DA:32,0
DA:49,0
DA:51,0
DA:52,0
DA:56,0
DA:58,0
DA:60,0
DA:61,0
DA:62,0
DA:63,0
DA:65,0
DA:70,0
DA:71,0
DA:72,0
DA:75,0
DA:76,0
DA:78,0
DA:79,0
DA:81,0
DA:84,0
DA:85,0
DA:90,0
DA:94,0
DA:95,0
DA:97,0
DA:101,0
DA:102,0
DA:103,0
LF:28
LH:0
end_of_record
SF:lib/features/splash/presentation/view_model/splash_view_model.dart
DA:20,0
DA:27,0
DA:33,0
DA:34,0
DA:35,0
DA:36,0
DA:38,0
DA:39,0
DA:40,0
DA:46,0
DA:49,0
LF:11
LH:0
end_of_record
SF:lib/core/localization/data/repositories/language_repository_impl.dart
DA:8,0
DA:13,0
DA:14,0
DA:16,0
DA:18,0
LF:5
LH:0
end_of_record
SF:lib/core/localization/domain/use_cases/change_language_use_case.dart
DA:8,0
DA:12,0
DA:14,0
LF:3
LH:0
end_of_record
SF:lib/core/localization/domain/use_cases/get_language_use_case.dart
DA:8,0
DA:12,0
DA:13,0
LF:3
LH:0
end_of_record
SF:lib/core/network/dio_client.dart
DA:16,0
DA:21,0
DA:25,0
DA:30,0
DA:31,0
DA:38,0
DA:39,0
DA:40,0
DA:41,0
DA:46,0
DA:53,0
DA:57,0
DA:58,0
DA:59,0
DA:63,0
DA:70,0
DA:71,0
DA:72,0
DA:73,0
DA:77,0
DA:84,0
DA:85,0
DA:86,0
DA:87,0
DA:91,0
DA:94,0
DA:95,0
DA:96,0
DA:97,0
DA:101,0
DA:105,0
DA:106,0
DA:107,0
DA:108,0
DA:109,0
DA:110,0
DA:111,0
DA:112,0
DA:116,0
DA:117,0
DA:118,0
DA:120,0
DA:121,0
DA:123,0
DA:124,0
DA:126,0
DA:127,0
DA:128,0
DA:129,0
LF:49
LH:0
end_of_record
SF:lib/core/security/data/repositories/device_session_repository_impl.dart
DA:9,0
DA:21,0
DA:22,0
DA:24,0
DA:25,0
DA:27,0
DA:29,0
DA:31,0
DA:32,0
LF:9
LH:0
end_of_record
SF:lib/core/security/domain/use_cases/clear_stale_secure_storage_use_case.dart
DA:12,0
DA:16,0
DA:18,0
DA:22,0
DA:23,0
DA:24,0
LF:6
LH:0
end_of_record
SF:lib/core/theme/theme_view_model.dart
DA:19,1
DA:23,2
DA:26,2
DA:27,0
DA:33,1
DA:37,2
DA:38,0
DA:43,0
DA:45,0
DA:47,0
DA:50,0
DA:51,0
DA:54,0
LF:13
LH:5
end_of_record
SF:lib/core/utils/device_info_util.dart
DA:6,0
DA:8,0
DA:10,0
DA:22,0
DA:24,0
DA:25,0
DA:27,0
DA:28,0
DA:33,0
DA:36,0
DA:37,0
DA:38,0
DA:39,0
DA:40,0
DA:41,0
DA:47,0
DA:48,0
DA:52,0
DA:55,0
DA:56,0
DA:57,0
DA:58,0
DA:60,0
DA:61,0
DA:63,0
DA:68,0
LF:26
LH:0
end_of_record
SF:lib/core/storage/local_storage/local_storage_impl.dart
DA:15,0
DA:19,0
DA:21,0
DA:26,0
DA:29,0
DA:30,0
DA:32,0
DA:33,0
DA:35,0
DA:37,0
DA:39,0
DA:41,0
DA:42,0
DA:45,0
DA:48,0
DA:50,0
DA:52,0
DA:53,0
DA:55,0
DA:57,0
DA:59,0
DA:61,0
DA:62,0
DA:65,0
DA:67,0
DA:69,0
DA:70,0
LF:27
LH:0
end_of_record
SF:lib/core/storage/secure_storage/secure_storage_impl.dart
DA:18,0
DA:23,0
DA:25,0
DA:30,0
DA:31,0
DA:39,0
DA:40,0
DA:42,0
DA:43,0
DA:45,0
DA:46,0
DA:48,0
DA:49,0
DA:51,0
DA:53,0
DA:54,0
DA:57,0
DA:58,0
LF:18
LH:0
end_of_record
SF:lib/core/error/exceptions/account_blocked_exception.dart
DA:28,0
DA:29,0
LF:2
LH:0
end_of_record
SF:lib/core/error/app_exception.dart
DA:27,0
DA:37,0
DA:38,0
LF:3
LH:0
end_of_record
SF:lib/core/error/exceptions/cache_exception.dart
DA:5,0
DA:6,0
LF:2
LH:0
end_of_record
SF:lib/core/error/exceptions/network_exception.dart
DA:6,0
DA:7,0
LF:2
LH:0
end_of_record
SF:lib/core/error/exceptions/validation_exception.dart
DA:5,0
DA:6,0
LF:2
LH:0
end_of_record
SF:lib/core/error/exceptions/phone_blocked_exception.dart
DA:12,0
DA:13,0
LF:2
LH:0
end_of_record
SF:lib/core/error/exceptions/auth_exception.dart
DA:5,0
DA:6,0
LF:2
LH:0
end_of_record
SF:lib/core/error/exceptions/server_exception.dart
DA:7,0
DA:12,0
DA:18,0
DA:24,0
LF:4
LH:0
end_of_record
SF:lib/core/use_case/use_case.dart
DA:14,4
LF:1
LH:1
end_of_record
SF:lib/core/network/api_response.dart
DA:7,0
DA:29,0
DA:33,0
DA:34,0
DA:35,0
DA:36,0
DA:37,0
DA:38,0
DA:39,0
LF:9
LH:0
end_of_record
SF:lib/environments/env_type.dart
DA:14,0
DA:15,0
DA:17,0
DA:18,0
DA:20,0
DA:22,0
DA:24,0
DA:26,0
LF:8
LH:0
end_of_record
SF:lib/core/network/interceptors/auth_interceptor.dart
DA:7,0
DA:11,0
DA:16,0
DA:18,0
DA:20,0
DA:23,0
DA:25,0
DA:28,0
LF:8
LH:0
end_of_record
SF:lib/core/network/interceptors/header_interceptor.dart
DA:19,0
DA:23,0
DA:24,0
DA:30,0
DA:35,0
DA:36,0
DA:37,0
DA:38,0
DA:39,0
DA:40,0
DA:41,0
DA:42,0
DA:43,0
DA:44,0
DA:45,0
LF:15
LH:0
end_of_record
SF:lib/core/network/interceptors/logging_interceptor.dart
DA:6,0
DA:8,0
DA:9,0
DA:10,0
DA:12,0
DA:15,0
DA:17,0
DA:18,0
DA:21,0
DA:23,0
DA:24,0
DA:26,0
LF:12
LH:0
end_of_record
SF:lib/core/utils/package_info_util.dart
DA:4,0
DA:6,0
DA:15,0
DA:16,0
DA:17,0
DA:19,0
DA:20,0
DA:24,0
DA:25,0
DA:26,0
DA:28,0
DA:29,0
DA:33,0
DA:34,0
DA:35,0
DA:37,0
DA:38,0
DA:39,0
DA:43,0
DA:44,0
DA:45,0
DA:47,0
DA:48,0
DA:51,0
DA:52,0
DA:53,0
DA:55,0
DA:56,0
LF:28
LH:0
end_of_record
SF:lib/core/phone/country_code_picker.dart
DA:12,0
DA:22,0
DA:26,0
DA:27,0
DA:34,0
DA:35,0
DA:42,0
DA:44,0
DA:45,0
DA:48,0
DA:49,0
DA:50,0
DA:51,0
DA:52,0
DA:53,0
DA:54,0
DA:55,0
DA:56,0
DA:57,0
DA:59,0
DA:63,0
DA:65,0
DA:67,0
DA:68,0
DA:69,0
DA:71,0
DA:72,0
DA:73,0
DA:75,0
DA:77,0
DA:78,0
DA:80,0
DA:81,0
DA:82,0
DA:83,0
DA:84,0
DA:86,0
DA:87,0
DA:88,0
DA:89,0
DA:90,0
DA:92,0
DA:94,0
DA:96,0
DA:97,0
DA:98,0
DA:99,0
DA:100,0
DA:101,0
LF:49
LH:0
end_of_record
SF:lib/core/phone/src/country_utils.dart
DA:10,0
DA:12,0
DA:13,0
DA:14,0
DA:19,0
DA:20,0
DA:21,0
DA:22,0
DA:26,0
DA:27,0
DA:29,0
DA:31,0
DA:32,0
DA:33,0
DA:38,0
DA:39,0
DA:41,0
DA:42,0
DA:43,0
LF:19
LH:0
end_of_record
SF:lib/core/phone/src/country.dart
DA:24,0
DA:34,0
DA:35,0
DA:36,0
DA:37,0
DA:38,0
DA:39,0
DA:40,0
DA:41,0
DA:42,0
DA:43,0
DA:44,0
DA:45,0
DA:46,0
DA:47,0
DA:48,0
DA:49,0
DA:50,0
DA:51,0
DA:52,0
DA:53,0
DA:54,0
DA:55,0
DA:56,0
DA:57,0
DA:58,0
DA:59,0
DA:60,0
DA:61,0
DA:62,0
DA:63,0
DA:64,0
DA:65,0
DA:66,0
DA:67,0
DA:68,0
DA:69,0
DA:70,0
DA:71,0
DA:72,0
DA:73,0
DA:74,0
DA:75,0
DA:76,0
DA:77,0
DA:78,0
DA:79,0
DA:80,0
DA:81,0
DA:82,0
DA:83,0
DA:84,0
DA:85,0
DA:86,0
DA:87,0
DA:88,0
DA:89,0
DA:90,0
DA:91,0
DA:92,0
DA:93,0
DA:94,0
DA:95,0
DA:96,0
DA:97,0
DA:98,0
DA:99,0
DA:100,0
DA:101,0
DA:102,0
DA:103,0
DA:104,0
DA:105,0
DA:106,0
DA:107,0
DA:108,0
DA:109,0
DA:110,0
DA:111,0
DA:112,0
DA:113,0
DA:114,0
DA:115,0
DA:116,0
DA:117,0
DA:118,0
DA:119,0
DA:120,0
DA:121,0
DA:122,0
DA:123,0
DA:124,0
DA:125,0
DA:126,0
DA:127,0
DA:128,0
DA:129,0
DA:130,0
DA:131,0
DA:132,0
DA:133,0
DA:134,0
DA:135,0
DA:136,0
DA:137,0
DA:138,0
DA:139,0
DA:140,0
DA:141,0
DA:142,0
DA:143,0
DA:144,0
DA:145,0
DA:146,0
DA:147,0
DA:148,0
DA:149,0
DA:150,0
DA:151,0
DA:152,0
DA:153,0
DA:154,0
DA:155,0
DA:156,0
DA:157,0
DA:158,0
DA:159,0
DA:160,0
DA:161,0
DA:162,0
DA:163,0
DA:164,0
DA:165,0
DA:166,0
DA:167,0
DA:168,0
DA:169,0
DA:170,0
DA:171,0
DA:172,0
DA:173,0
DA:174,0
DA:175,0
DA:176,0
DA:177,0
DA:178,0
DA:179,0
DA:180,0
DA:181,0
DA:182,0
DA:183,0
DA:184,0
DA:185,0
DA:186,0
DA:187,0
DA:188,0
DA:189,0
DA:190,0
DA:191,0
DA:192,0
DA:193,0
DA:194,0
DA:195,0
DA:196,0
DA:197,0
DA:198,0
DA:199,0
DA:200,0
DA:201,0
DA:202,0
DA:203,0
DA:204,0
DA:205,0
DA:206,0
DA:207,0
DA:208,0
DA:209,0
DA:210,0
DA:211,0
DA:212,0
DA:213,0
DA:214,0
DA:215,0
DA:216,0
DA:217,0
DA:218,0
DA:219,0
DA:220,0
DA:221,0
DA:222,0
DA:223,0
DA:224,0
DA:225,0
DA:226,0
LF:194
LH:0
end_of_record
SF:lib/core/presentation/app_error_localizer.dart
DA:17,0
DA:18,0
DA:23,0
DA:27,0
DA:28,0
DA:29,0
DA:30,0
DA:31,0
DA:32,0
DA:33,0
DA:34,0
DA:35,0
DA:36,0
DA:37,0
DA:38,0
DA:39,0
DA:40,0
DA:41,0
DA:42,0
DA:43,0
DA:44,0
LF:21
LH:0
end_of_record
SF:lib/core/presentation/common/app_bottom_sheet.dart
DA:18,0
DA:21,0
DA:36,0
DA:38,0
DA:41,0
DA:42,0
DA:44,0
DA:49,0
DA:50,0
DA:51,0
DA:52,0
DA:53,0
DA:56,0
DA:57,0
DA:59,0
DA:74,0
DA:81,0
DA:86,0
DA:87,0
DA:88,0
DA:89,0
DA:91,0
DA:103,0
DA:111,0
DA:115,0
DA:116,0
DA:117,0
DA:118,0
DA:121,0
DA:122,0
DA:128,0
DA:129,0
DA:136,0
DA:146,0
DA:147,0
DA:153,0
DA:155,0
DA:156,0
DA:159,0
DA:160,0
DA:161,0
DA:165,0
DA:166,0
DA:169,0
DA:170,0
DA:179,0
DA:187,0
DA:188,0
DA:194,0
DA:196,0
DA:197,0
DA:200,0
DA:201,0
LF:53
LH:0
end_of_record
SF:lib/core/presentation/common/app_overlay_action.dart
DA:18,0
DA:29,0
DA:35,0
DA:46,0
DA:52,0
DA:85,0
DA:87,0
DA:88,0
DA:89,0
DA:91,0
DA:96,0
DA:97,0
DA:98,0
DA:99,0
DA:100,0
DA:101,0
DA:104,0
DA:107,0
DA:108,0
DA:109,0
DA:112,0
LF:21
LH:0
end_of_record
SF:lib/core/presentation/common/app_sheet_option.dart
DA:13,0
DA:42,0
DA:43,0
DA:45,0
DA:47,0
DA:48,0
DA:50,0
DA:51,0
DA:52,0
DA:54,0
DA:55,0
DA:56,0
DA:57,0
DA:59,0
DA:60,0
DA:61,0
DA:62,0
DA:63,0
DA:64,0
DA:65,0
DA:66,0
DA:69,0
DA:76,0
DA:77,0
DA:78,0
DA:79,0
DA:80,0
DA:81,0
DA:86,0
DA:91,0
DA:95,0
DA:97,0
DA:98,0
DA:101,0
DA:103,0
DA:104,0
DA:109,0
DA:110,0
DA:113,0
DA:115,0
LF:40
LH:0
end_of_record
SF:lib/core/presentation/common/widgets/app_bottom_sheet_scaffold.dart
DA:14,0
DA:50,0
DA:52,0
DA:53,0
DA:54,0
DA:55,0
DA:56,0
DA:57,0
DA:58,0
DA:61,0
DA:63,0
DA:65,0
DA:68,0
DA:69,0
DA:70,0
DA:71,0
DA:72,0
DA:79,0
DA:80,0
DA:81,0
DA:82,0
DA:83,0
DA:86,0
DA:87,0
DA:89,0
DA:96,0
DA:97,0
DA:98,0
DA:100,0
DA:104,0
DA:105,0
DA:106,0
DA:107,0
DA:108,0
DA:109,0
DA:110,0
DA:111,0
DA:116,0
DA:117,0
DA:118,0
DA:120,0
DA:121,0
DA:122,0
DA:123,0
DA:126,0
DA:132,0
DA:136,0
DA:137,0
DA:138,0
DA:141,0
DA:143,0
DA:148,0
DA:149,0
DA:150,0
DA:158,0
DA:159,0
DA:160,0
DA:164,0
DA:165,0
DA:166,0
LF:60
LH:0
end_of_record
SF:lib/core/presentation/common/app_dialog.dart
DA:18,0
DA:25,0
DA:36,0
DA:38,0
DA:41,0
DA:43,0
DA:46,0
DA:47,0
DA:48,0
DA:49,0
DA:51,0
DA:52,0
DA:54,0
DA:56,0
DA:71,0
DA:80,0
DA:86,0
DA:87,0
DA:88,0
DA:91,0
DA:92,0
DA:102,0
DA:111,0
DA:117,0
DA:118,0
DA:119,0
DA:122,0
DA:123,0
DA:132,0
DA:141,0
DA:148,0
DA:149,0
LF:32
LH:0
end_of_record
SF:lib/core/presentation/common/widgets/app_dialog_content.dart
DA:14,0
DA:44,0
DA:46,0
DA:47,0
DA:49,0
DA:50,0
DA:51,0
DA:52,0
DA:53,0
DA:54,0
DA:56,0
DA:63,0
DA:64,0
DA:66,0
DA:67,0
DA:69,0
DA:70,0
DA:73,0
DA:74,0
DA:75,0
DA:76,0
DA:77,0
DA:78,0
DA:79,0
DA:86,0
DA:87,0
DA:88,0
DA:90,0
DA:91,0
DA:92,0
DA:93,0
DA:94,0
DA:95,0
DA:100,0
DA:101,0
DA:102,0
DA:104,0
DA:107,0
DA:108,0
DA:109,0
DA:110,0
DA:112,0
LF:42
LH:0
end_of_record
SF:lib/core/presentation/common/widgets/app_overlay_icon.dart
DA:27,0
DA:31,0
DA:33,0
DA:34,0
DA:36,0
DA:40,0
DA:41,0
DA:44,0
DA:48,0
DA:49,0
DA:50,0
DA:51,0
DA:52,0
DA:53,0
DA:56,0
DA:57,0
DA:58,0
DA:59,0
DA:62,0
DA:63,0
DA:64,0
DA:65,0
DA:68,0
DA:69,0
DA:70,0
DA:71,0
DA:79,0
LF:27
LH:0
end_of_record
SF:lib/core/presentation/common/widgets/app_overlay_actions.dart
DA:15,0
DA:19,0
DA:21,0
DA:25,0
DA:26,0
DA:28,0
DA:29,0
DA:32,0
DA:33,0
DA:34,0
DA:35,0
DA:36,0
DA:37,0
DA:42,0
DA:44,0
DA:45,0
DA:46,0
DA:47,0
LF:18
LH:0
end_of_record
SF:lib/core/presentation/view_model_builder.dart
DA:11,1
DA:20,1
DA:22,3
LF:3
LH:3
end_of_record
SF:lib/core/presentation/view_model_consumer.dart
DA:12,0
DA:25,0
DA:27,0
DA:28,0
DA:29,0
DA:30,0
DA:31,0
LF:7
LH:0
end_of_record
SF:lib/core/presentation/view_model_context_x.dart
DA:13,2
DA:16,0
LF:2
LH:1
end_of_record
SF:lib/core/presentation/view_model_listener.dart
DA:12,0
DA:23,0
DA:25,0
DA:26,0
DA:27,0
DA:28,0
LF:6
LH:0
end_of_record
SF:lib/core/presentation/view_model_provider.dart
DA:12,1
DA:21,1
DA:23,3
DA:29,0
DA:38,0
DA:40,0
DA:41,0
DA:42,0
DA:49,0
DA:54,0
DA:56,0
DA:57,0
DA:58,0
LF:13
LH:3
end_of_record
SF:lib/core/presentation/widgets/app_error_view.dart
DA:17,0
DA:38,0
DA:40,0
DA:41,0
DA:42,0
DA:43,0
DA:44,0
DA:45,0
DA:46,0
DA:48,0
DA:49,0
DA:50,0
DA:51,0
DA:52,0
DA:53,0
DA:54,0
DA:56,0
DA:57,0
DA:61,0
DA:62,0
DA:64,0
DA:65,0
DA:66,0
DA:68,0
DA:69,0
DA:71,0
DA:72,0
DA:73,0
DA:75,0
DA:76,0
DA:78,0
DA:79,0
DA:80,0
DA:81,0
DA:83,0
DA:86,0
DA:87,0
DA:88,0
DA:89,0
DA:91,0
LF:40
LH:0
end_of_record
SF:lib/core/presentation/widgets/app_text_field.dart
DA:21,0
DA:51,0
DA:52,0
DA:58,0
DA:60,0
DA:61,0
DA:62,0
DA:64,0
DA:65,0
DA:66,0
DA:67,0
DA:69,0
DA:70,0
DA:74,0
DA:80,0
DA:83,0
DA:84,0
DA:85,0
DA:86,0
DA:87,0
DA:88,0
DA:89,0
DA:91,0
DA:92,0
DA:93,0
DA:94,0
DA:95,0
DA:106,0
DA:107,0
DA:108,0
DA:109,0
DA:110,0
LF:32
LH:0
end_of_record
SF:lib/core/presentation/widgets/app_top_bar.dart
DA:20,4
DA:30,0
DA:33,0
DA:45,0
DA:46,0
DA:47,0
DA:48,0
DA:50,0
DA:51,0
DA:56,0
DA:57,0
DA:58,0
DA:59,0
DA:61,0
DA:62,0
DA:64,0
DA:67,0
DA:70,0
DA:73,0
DA:74,0
DA:78,0
DA:84,0
DA:85,0
DA:86,0
DA:89,0
DA:90,0
LF:26
LH:1
end_of_record
SF:lib/core/theme/app_theme_mode.dart
DA:9,0
DA:11,0
DA:14,1
DA:15,1
DA:16,0
LF:5
LH:2
end_of_record
SF:lib/core/presentation/widgets/language_switcher.dart
DA:18,4
DA:20,0
DA:22,0
DA:23,0
DA:24,0
DA:26,0
DA:30,0
DA:34,0
DA:35,0
DA:36,0
DA:38,0
DA:47,0
DA:52,0
DA:56,0
DA:58,0
DA:59,0
DA:60,0
DA:64,0
DA:66,0
DA:68,0
DA:70,0
DA:73,0
DA:74,0
DA:75,0
DA:76,0
DA:77,0
DA:78,0
DA:79,0
DA:82,0
DA:83,0
DA:84,0
DA:85,0
DA:86,0
DA:88,0
DA:90,0
LF:35
LH:1
end_of_record
SF:lib/core/presentation/widgets/lazy_load_indexed_stack.dart
DA:7,0
DA:27,0
DA:28,0
DA:38,0
DA:40,0
DA:42,0
DA:45,0
DA:47,0
DA:48,0
DA:49,0
DA:50,0
DA:51,0
DA:52,0
LF:13
LH:0
end_of_record
SF:lib/features/auth/presentation/pages/change_password_page.dart
DA:25,4
DA:27,0
DA:29,0
DA:30,0
DA:31,0
DA:39,4
DA:41,0
DA:43,0
DA:45,0
DA:46,0
DA:48,0
DA:49,0
DA:50,0
DA:51,0
DA:52,0
DA:53,0
DA:54,0
DA:56,0
DA:61,0
DA:62,0
DA:63,0
DA:64,0
DA:68,0
DA:69,0
DA:70,0
DA:71,0
DA:73,0
DA:78,0
DA:79,0
DA:91,0
DA:95,0
DA:97,0
DA:98,0
DA:100,0
DA:103,0
DA:104,0
DA:105,0
DA:106,0
DA:108,0
DA:109,0
DA:110,0
DA:111,0
DA:112,0
DA:113,0
DA:116,0
DA:117,0
DA:118,0
DA:119,0
DA:120,0
DA:121,0
DA:124,0
DA:125,0
DA:126,0
DA:127,0
DA:129,0
DA:130,0
DA:131,0
DA:133,0
DA:134,0
DA:136,0
DA:138,0
LF:61
LH:2
end_of_record
SF:lib/features/auth/presentation/pages/forgot_password_page.dart
DA:21,0
DA:26,0
DA:28,0
DA:29,0
DA:30,0
DA:31,0
DA:32,0
DA:33,0
DA:37,0
DA:43,0
DA:47,0
DA:48,0
DA:55,0
DA:57,0
DA:58,0
DA:61,0
DA:63,0
DA:65,0
DA:66,0
DA:68,0
DA:69,0
DA:72,0
DA:73,0
DA:74,0
DA:75,0
DA:76,0
DA:78,0
DA:83,0
DA:84,0
DA:85,0
DA:87,0
DA:88,0
DA:90,0
DA:94,0
DA:95,0
DA:96,0
DA:97,0
DA:99,0
DA:104,0
DA:105,0
DA:106,0
DA:108,0
DA:122,0
DA:127,0
DA:129,0
DA:130,0
DA:132,0
DA:135,0
DA:136,0
DA:137,0
DA:138,0
DA:140,0
DA:141,0
DA:142,0
DA:145,0
DA:146,0
DA:147,0
DA:149,0
DA:150,0
DA:152,0
LF:60
LH:0
end_of_record
SF:lib/features/auth/presentation/pages/login_page.dart
DA:28,0
DA:34,0
DA:36,0
DA:37,0
DA:38,0
DA:44,0
DA:48,0
DA:49,0
DA:60,0
DA:62,0
DA:63,0
DA:64,0
DA:69,0
DA:70,0
DA:71,0
DA:74,0
DA:80,0
DA:81,0
DA:82,0
DA:87,0
DA:88,0
DA:89,0
DA:90,0
DA:91,0
DA:92,0
DA:97,0
DA:98,0
DA:99,0
DA:104,0
DA:105,0
DA:107,0
DA:108,0
DA:109,0
DA:110,0
DA:117,0
DA:119,0
DA:120,0
DA:121,0
DA:122,0
DA:124,0
DA:125,0
DA:130,0
DA:132,0
DA:134,0
DA:135,0
DA:136,0
DA:137,0
DA:138,0
DA:141,0
DA:142,0
DA:143,0
DA:145,0
DA:146,0
DA:147,0
DA:148,0
DA:150,0
DA:154,0
DA:157,0
DA:158,0
DA:162,0
DA:165,0
DA:166,0
DA:168,0
DA:169,0
DA:173,0
DA:176,0
DA:177,0
DA:178,0
DA:181,0
DA:182,0
DA:184,0
DA:185,0
DA:186,0
DA:187,0
DA:189,0
DA:191,0
DA:192,0
DA:193,0
DA:195,0
DA:196,0
DA:197,0
DA:199,0
DA:200,0
DA:201,0
DA:202,0
DA:204,0
DA:205,0
DA:206,0
DA:207,0
DA:208,0
DA:209,0
DA:210,0
DA:213,0
DA:215,0
DA:216,0
DA:217,0
DA:219,0
DA:220,0
DA:222,0
DA:224,0
DA:225,0
DA:226,0
DA:227,0
DA:233,0
DA:234,0
DA:235,0
DA:237,0
DA:238,0
DA:245,0
DA:246,0
DA:247,0
DA:248,0
DA:249,0
DA:250,0
DA:251,0
DA:252,0
DA:269,4
DA:271,0
DA:273,0
DA:275,0
DA:277,0
DA:278,0
DA:279,0
DA:280,0
DA:282,0
DA:285,0
DA:286,0
DA:287,0
DA:288,0
DA:289,0
DA:293,0
DA:294,0
DA:295,0
DA:296,0
DA:297,0
DA:301,0
DA:302,0
DA:303,0
DA:304,0
DA:305,0
DA:306,0
DA:308,0
DA:311,0
DA:312,0
DA:313,0
DA:314,0
DA:316,0
LF:147
LH:1
end_of_record
SF:lib/features/auth/presentation/pages/otp_page.dart
DA:26,0
DA:49,0
DA:50,0
DA:53,0
DA:54,0
DA:55,0
DA:59,0
DA:61,0
DA:62,0
DA:63,0
DA:64,0
DA:66,0
DA:72,0
DA:78,0
DA:79,0
DA:82,0
DA:83,0
DA:87,0
DA:88,0
DA:89,0
DA:91,0
DA:92,0
DA:94,0
DA:95,0
DA:96,0
DA:102,0
DA:104,0
DA:106,0
DA:107,0
DA:108,0
DA:109,0
DA:110,0
DA:111,0
DA:113,0
DA:114,0
DA:115,0
DA:116,0
DA:120,0
DA:121,0
DA:123,0
DA:124,0
DA:125,0
DA:126,0
DA:128,0
DA:129,0
DA:132,0
DA:134,0
DA:135,0
DA:136,0
DA:137,0
DA:149,0
DA:153,0
DA:155,0
DA:156,0
DA:157,0
DA:159,0
DA:161,0
DA:162,0
DA:164,0
DA:165,0
DA:167,0
DA:168,0
DA:169,0
DA:170,0
DA:171,0
DA:174,0
DA:175,0
DA:176,0
DA:177,0
DA:178,0
DA:180,0
DA:181,0
DA:189,0
DA:193,0
DA:194,0
DA:195,0
DA:196,0
DA:199,0
DA:201,0
DA:202,0
DA:204,0
DA:206,0
DA:207,0
DA:210,0
DA:212,0
DA:213,0
DA:214,0
DA:215,0
DA:216,0
DA:225,0
DA:229,0
DA:231,0
DA:232,0
DA:234,0
DA:236,0
DA:237,0
DA:238,0
DA:239,0
DA:241,0
DA:242,0
DA:243,0
DA:244,0
DA:245,0
DA:246,0
DA:247,0
DA:248,0
DA:254,0
DA:255,0
DA:256,0
LF:109
LH:0
end_of_record
SF:lib/features/auth/presentation/pages/register_password_page.dart
DA:26,4
DA:28,0
DA:30,0
DA:31,0
DA:32,0
DA:40,4
DA:42,0
DA:44,0
DA:46,0
DA:47,0
DA:49,0
DA:50,0
DA:52,0
DA:53,0
DA:54,0
DA:55,0
DA:56,0
DA:58,0
DA:63,0
DA:65,0
DA:66,0
DA:69,0
DA:70,0
DA:71,0
DA:72,0
DA:74,0
DA:79,0
DA:80,0
DA:92,0
DA:96,0
DA:98,0
DA:99,0
DA:101,0
DA:104,0
DA:105,0
DA:106,0
DA:107,0
DA:109,0
DA:110,0
DA:111,0
DA:112,0
DA:113,0
DA:114,0
DA:119,0
DA:120,0
DA:121,0
DA:122,0
DA:124,0
DA:125,0
DA:126,0
DA:129,0
DA:130,0
DA:132,0
LF:53
LH:2
end_of_record
SF:lib/features/auth/presentation/pages/reset_password_page.dart
DA:27,0
DA:32,0
DA:34,0
DA:35,0
DA:36,0
DA:38,0
DA:44,0
DA:48,0
DA:50,0
DA:52,0
DA:53,0
DA:55,0
DA:56,0
DA:57,0
DA:58,0
DA:59,0
DA:60,0
DA:61,0
DA:63,0
DA:68,0
DA:71,0
DA:72,0
DA:73,0
DA:75,0
DA:76,0
DA:80,0
DA:81,0
DA:82,0
DA:83,0
DA:85,0
DA:90,0
DA:91,0
DA:103,0
DA:107,0
DA:109,0
DA:110,0
DA:112,0
DA:115,0
DA:116,0
DA:117,0
DA:118,0
DA:120,0
DA:121,0
DA:122,0
DA:123,0
DA:124,0
DA:125,0
DA:129,0
DA:130,0
DA:131,0
DA:132,0
DA:134,0
DA:135,0
DA:136,0
DA:138,0
DA:139,0
DA:141,0
LF:57
LH:0
end_of_record
SF:lib/features/auth/presentation/pages/sign_up_page.dart
DA:25,0
DA:31,0
DA:33,0
DA:34,0
DA:35,0
DA:36,0
DA:37,0
DA:39,0
DA:43,0
DA:49,0
DA:53,0
DA:54,0
DA:61,0
DA:63,0
DA:64,0
DA:67,0
DA:69,0
DA:71,0
DA:72,0
DA:73,0
DA:74,0
DA:75,0
DA:76,0
DA:77,0
DA:79,0
DA:84,0
DA:88,0
DA:89,0
DA:91,0
DA:92,0
DA:93,0
DA:94,0
DA:96,0
DA:100,0
DA:101,0
DA:102,0
DA:103,0
DA:105,0
DA:106,0
DA:110,0
DA:113,0
DA:114,0
DA:116,0
DA:117,0
DA:118,0
DA:119,0
DA:123,0
DA:124,0
DA:126,0
DA:127,0
DA:128,0
DA:129,0
DA:131,0
DA:136,0
DA:137,0
DA:138,0
DA:140,0
DA:154,0
DA:159,0
DA:161,0
DA:162,0
DA:164,0
DA:167,0
DA:168,0
DA:169,0
DA:170,0
DA:172,0
DA:173,0
DA:174,0
DA:177,0
DA:178,0
DA:179,0
DA:182,0
DA:183,0
DA:185,0
LF:75
LH:0
end_of_record
SF:lib/features/auth/presentation/pages/welcome_page.dart
DA:20,4
DA:22,0
DA:24,0
DA:26,0
DA:27,0
DA:28,0
DA:29,0
DA:34,0
DA:35,0
DA:36,0
DA:37,0
DA:38,0
DA:40,0
DA:45,0
DA:46,0
DA:48,0
DA:49,0
DA:54,0
DA:55,0
DA:56,0
DA:58,0
DA:59,0
DA:64,0
DA:65,0
DA:66,0
DA:68,0
DA:69,0
DA:74,0
DA:76,0
DA:77,0
DA:79,0
DA:82,0
DA:83,0
DA:86,0
DA:87,0
DA:88,0
DA:89,0
DA:90,0
DA:91,0
DA:92,0
DA:93,0
DA:94,0
DA:98,0
DA:99,0
DA:100,0
DA:101,0
DA:107,0
LF:47
LH:1
end_of_record
SF:lib/features/main/presentation/pages/main_page.dart
DA:20,4
DA:37,0
DA:39,0
DA:40,0
DA:44,0
DA:45,0
DA:53,4
DA:55,0
DA:57,0
DA:58,0
DA:60,0
DA:61,0
DA:62,0
DA:64,0
DA:65,0
DA:66,0
DA:69,0
DA:72,0
DA:80,0
DA:86,0
DA:89,0
DA:90,0
DA:93,0
LF:23
LH:2
end_of_record
SF:lib/features/onboarding/presentation/pages/billing_info_page.dart
DA:18,4
DA:20,0
DA:22,0
DA:23,0
DA:30,4
DA:32,0
DA:34,0
DA:35,0
DA:37,0
DA:38,0
DA:39,0
DA:40,0
DA:42,0
DA:43,0
DA:50,0
DA:51,0
DA:52,0
DA:53,0
DA:54,0
DA:56,0
DA:57,0
DA:59,0
DA:60,0
DA:62,0
DA:63,0
DA:64,0
DA:65,0
DA:66,0
DA:68,0
DA:69,0
DA:70,0
DA:73,0
DA:75,0
DA:76,0
DA:77,0
DA:80,0
DA:82,0
DA:83,0
DA:84,0
DA:85,0
DA:86,0
DA:87,0
DA:88,0
DA:90,0
DA:94,0
DA:95,0
DA:96,0
DA:98,0
DA:103,0
DA:104,0
DA:105,0
DA:107,0
DA:108,0
DA:109,0
DA:110,0
DA:115,0
DA:124,0
DA:126,0
DA:128,0
DA:129,0
LF:60
LH:2
end_of_record
SF:lib/features/onboarding/presentation/pages/personal_info_page.dart
DA:20,4
DA:22,0
DA:24,0
DA:25,0
DA:32,4
DA:34,0
DA:36,0
DA:37,0
DA:39,0
DA:40,0
DA:41,0
DA:42,0
DA:44,0
DA:45,0
DA:52,0
DA:53,0
DA:54,0
DA:55,0
DA:56,0
DA:58,0
DA:59,0
DA:60,0
DA:61,0
DA:62,0
DA:64,0
DA:65,0
DA:66,0
DA:67,0
DA:68,0
DA:70,0
DA:71,0
DA:72,0
DA:73,0
DA:75,0
DA:76,0
DA:77,0
DA:78,0
DA:79,0
DA:80,0
DA:83,0
DA:85,0
DA:86,0
DA:87,0
DA:88,0
DA:89,0
DA:92,0
DA:93,0
DA:94,0
DA:96,0
DA:97,0
DA:99,0
DA:100,0
DA:101,0
DA:102,0
DA:104,0
DA:105,0
DA:106,0
DA:107,0
DA:108,0
DA:111,0
DA:112,0
DA:113,0
DA:115,0
DA:116,0
DA:117,0
DA:119,0
DA:120,0
DA:121,0
DA:122,0
DA:127,0
DA:136,0
DA:138,0
DA:140,0
DA:141,0
DA:147,0
DA:152,0
DA:154,0
DA:155,0
DA:156,0
DA:157,0
DA:159,0
DA:161,0
DA:162,0
DA:163,0
DA:164,0
DA:165,0
DA:167,0
DA:176,0
DA:181,0
DA:183,0
DA:185,0
DA:187,0
DA:188,0
DA:189,0
DA:191,0
DA:192,0
DA:193,0
DA:196,0
DA:197,0
DA:199,0
DA:200,0
DA:203,0
DA:204,0
DA:211,0
DA:217,0
DA:218,0
DA:219,0
DA:220,0
DA:221,0
DA:222,0
DA:223,0
DA:225,0
DA:226,0
DA:229,0
DA:230,0
DA:232,0
DA:233,0
DA:235,0
DA:236,0
DA:239,0
LF:120
LH:2
end_of_record
SF:lib/features/qr_scan/presentation/pages/qr_scan_page.dart
DA:17,4
DA:21,0
DA:22,0
DA:33,0
DA:35,0
DA:36,0
DA:39,0
DA:40,0
DA:43,0
DA:44,0
DA:45,0
DA:50,0
DA:51,0
DA:52,0
DA:56,0
DA:57,0
DA:58,0
DA:62,0
DA:63,0
DA:64,0
DA:66,0
DA:70,0
DA:72,0
DA:74,0
DA:76,0
DA:77,0
DA:78,0
DA:79,0
DA:84,0
DA:85,0
DA:86,0
DA:87,0
DA:88,0
DA:90,0
DA:91,0
DA:93,0
DA:94,0
DA:96,0
DA:99,0
DA:100,0
DA:101,0
DA:111,0
DA:116,0
DA:118,0
DA:119,0
DA:120,0
DA:121,0
DA:123,0
DA:124,0
DA:126,0
DA:128,0
DA:129,0
DA:130,0
DA:135,0
DA:136,0
DA:137,0
DA:138,0
DA:139,0
DA:142,0
DA:154,0
DA:158,0
DA:160,0
DA:162,0
DA:163,0
DA:164,0
DA:165,0
DA:167,0
DA:168,0
DA:176,0
DA:181,0
DA:183,0
DA:185,0
DA:186,0
DA:187,0
DA:188,0
DA:190,0
DA:191,0
DA:192,0
DA:193,0
DA:195,0
DA:196,0
DA:197,0
DA:198,0
DA:201,0
DA:202,0
DA:204,0
DA:205,0
DA:206,0
DA:215,0
DA:219,0
DA:220,0
DA:227,0
DA:237,0
DA:239,0
DA:240,0
DA:241,0
DA:244,0
DA:245,0
DA:246,0
DA:247,0
DA:250,0
DA:257,0
DA:271,0
DA:273,0
DA:274,0
DA:275,0
DA:276,0
DA:277,0
DA:278,0
DA:280,0
DA:281,0
DA:282,0
DA:283,0
DA:285,0
DA:287,0
DA:289,0
DA:290,0
DA:292,0
DA:293,0
DA:295,0
DA:307,0
DA:312,0
DA:314,0
DA:316,0
DA:318,0
DA:319,0
DA:320,0
DA:321,0
DA:323,0
DA:324,0
DA:327,0
DA:329,0
DA:332,0
DA:333,0
DA:335,0
DA:336,0
DA:337,0
DA:339,0
DA:341,0
DA:342,0
DA:343,0
DA:345,0
DA:346,0
DA:349,0
DA:350,0
DA:351,0
DA:352,0
DA:353,0
DA:354,0
DA:355,0
DA:356,0
DA:358,0
DA:360,0
DA:363,0
DA:365,0
DA:366,0
DA:367,0
DA:368,0
DA:369,0
DA:370,0
DA:371,0
LF:161
LH:1
end_of_record
SF:lib/features/splash/presentation/pages/splash_page.dart
DA:18,4
DA:20,0
DA:22,0
DA:23,0
DA:27,0
DA:28,0
DA:36,4
DA:38,0
DA:40,0
DA:42,0
DA:43,0
DA:44,0
DA:45,0
DA:49,0
DA:50,0
DA:51,0
DA:53,0
DA:54,0
DA:55,0
DA:58,0
DA:59,0
DA:62,0
DA:65,0
DA:66,0
DA:67,0
DA:71,0
DA:74,0
DA:76,0
DA:79,0
DA:92,4
DA:94,0
DA:96,0
LF:32
LH:3
end_of_record
SF:lib/core/router/router_guard.dart
DA:20,1
DA:24,0
DA:27,0
DA:28,0
DA:29,0
DA:33,0
DA:34,0
DA:35,0
DA:39,0
DA:40,0
DA:64,0
DA:65,0
DA:69,0
DA:72,0
DA:75,0
LF:15
LH:1
end_of_record
SF:lib/core/storage/local_storage/local_storage_wrapper/shared_preferences_storage_impl.dart
DA:10,0
DA:12,0
DA:13,0
DA:14,0
DA:19,0
DA:21,0
DA:23,0
DA:24,0
DA:26,0
DA:27,0
DA:29,0
DA:30,0
DA:32,0
DA:33,0
LF:14
LH:0
end_of_record
SF:lib/core/storage/secure_storage/secure_storage_wrapper/flutter_secure_key_value_storage_impl.dart
DA:14,0
DA:20,0
DA:22,0
DA:23,0
DA:24,0
DA:27,0
DA:30,0
DA:31,0
DA:33,0
DA:34,0
DA:38,0
DA:40,0
DA:41,0
DA:44,0
DA:47,0
DA:48,0
DA:50,0
DA:52,0
DA:53,0
DA:55,0
DA:58,0
DA:60,0
DA:61,0
DA:64,0
DA:66,0
DA:67,0
LF:26
LH:0
end_of_record
SF:lib/core/theme/app_dark_colors.dart
DA:50,0
DA:52,0
DA:54,0
DA:58,0
DA:60,0
DA:64,0
DA:66,0
DA:68,0
DA:70,0
DA:72,0
DA:74,0
DA:76,0
DA:78,0
DA:80,0
DA:82,0
DA:84,0
DA:88,0
DA:90,0
DA:92,0
DA:94,0
DA:96,0
DA:98,0
DA:102,0
DA:104,0
DA:106,0
DA:108,0
DA:110,0
DA:112,0
DA:116,0
DA:118,0
DA:120,0
DA:122,0
DA:124,0
DA:126,0
DA:128,0
DA:130,0
DA:134,0
DA:136,0
DA:138,0
DA:140,0
DA:142,0
DA:144,0
DA:148,0
DA:150,0
DA:152,0
DA:154,0
DA:156,0
DA:158,0
DA:160,0
DA:162,0
DA:164,0
DA:166,0
DA:168,0
LF:53
LH:0
end_of_record
SF:lib/core/theme/benny_design_data.dart
DA:18,15
DA:32,15
DA:33,10
DA:34,5
DA:35,10
DA:36,5
DA:38,5
DA:39,5
DA:40,5
DA:41,5
DA:42,5
DA:43,5
DA:45,10
DA:46,10
DA:47,10
DA:48,10
DA:49,10
DA:50,10
DA:51,5
DA:55,5
DA:56,5
DA:57,5
DA:58,5
DA:59,5
DA:60,5
DA:61,5
DA:63,10
DA:64,10
DA:65,10
DA:66,10
DA:67,10
DA:68,10
DA:69,5
DA:71,5
DA:73,10
DA:74,10
DA:75,10
DA:76,10
DA:77,10
DA:78,10
DA:79,5
DA:81,5
DA:83,10
DA:84,10
DA:85,10
DA:86,10
DA:87,10
DA:88,10
DA:89,5
DA:91,5
DA:93,10
DA:94,10
DA:95,10
DA:96,10
DA:97,10
DA:98,10
DA:99,5
DA:104,5
DA:105,5
DA:106,5
DA:107,5
DA:108,5
DA:109,5
DA:110,5
DA:112,10
DA:113,10
DA:114,10
DA:115,10
DA:116,10
DA:117,10
DA:118,5
DA:120,5
DA:122,10
DA:123,10
DA:124,10
DA:125,10
DA:126,10
DA:127,10
DA:128,5
DA:133,5
DA:134,10
LF:81
LH:81
end_of_record
SF:lib/core/utils/currency_format.dart
DA:7,2
DA:8,2
DA:9,6
DA:11,2
DA:12,6
DA:14,0
DA:15,0
DA:17,0
DA:21,0
DA:22,0
DA:23,0
DA:24,0
DA:25,0
DA:26,0
DA:28,0
DA:30,0
DA:34,2
DA:35,2
DA:37,8
DA:38,2
LF:20
LH:9
end_of_record
SF:lib/core/utils/validators.dart
DA:3,0
DA:6,0
DA:7,0
DA:8,0
DA:11,0
DA:13,0
DA:15,0
DA:17,0
DA:18,0
DA:19,0
DA:20,0
LF:11
LH:0
end_of_record
SF:lib/core/utils/version_comparator.dart
DA:7,0
DA:8,0
DA:9,0
DA:10,0
DA:11,0
DA:12,0
DA:13,0
DA:14,0
DA:15,0
DA:22,0
DA:24,0
DA:25,0
DA:27,0
DA:28,0
DA:29,0
LF:15
LH:0
end_of_record
SF:lib/main.dart
DA:16,4
DA:18,0
DA:29,0
DA:34,0
DA:36,0
DA:37,0
DA:38,0
DA:42,0
DA:44,0
DA:45,0
DA:46,0
DA:49,0
DA:50,0
DA:51,0
DA:54,0
DA:55,0
DA:56,0
DA:57,0
DA:58,0
DA:60,0
DA:65,0
DA:66,0
DA:67,0
DA:70,0
DA:72,0
DA:73,0
DA:88,0
DA:89,0
DA:90,0
DA:92,0
DA:93,0
DA:94,0
DA:95,0
DA:96,0
LF:34
LH:1
end_of_record
SF:lib/features/app_update/data/models/app_update_config_dto.dart
DA:19,0
DA:35,0
DA:36,0
DA:37,0
DA:38,0
DA:39,0
DA:40,0
DA:41,0
DA:42,0
DA:43,0
DA:48,0
DA:49,0
DA:50,0
DA:51,0
DA:52,0
DA:53,0
LF:16
LH:0
end_of_record
SF:lib/features/app_update/domain/entities/app_update_config.dart
DA:5,0
LF:1
LH:0
end_of_record
SF:lib/features/app_update/domain/entities/app_update_info.dart
DA:3,0
LF:1
LH:0
end_of_record
SF:lib/features/app_update/domain/entities/app_update_status.dart
DA:5,4
DA:10,4
DA:15,0
DA:21,0
LF:4
LH:2
end_of_record
SF:lib/features/app_update/presentation/widgets/app_update_overlay_view.dart
DA:20,0
DA:35,0
DA:37,0
DA:41,0
DA:42,0
DA:45,0
DA:46,0
DA:47,0
DA:49,0
DA:50,0
DA:52,0
DA:53,0
DA:55,0
DA:57,0
DA:66,0
DA:67,0
DA:68,0
DA:70,0
DA:71,0
DA:73,0
DA:75,0
DA:76,0
DA:77,0
DA:79,0
DA:81,0
DA:82,0
DA:84,0
DA:85,0
DA:88,0
DA:89,0
DA:92,0
DA:95,0
DA:98,0
DA:99,0
DA:100,0
DA:102,0
DA:103,0
DA:107,0
DA:108,0
DA:111,0
DA:112,0
DA:116,0
DA:117,0
DA:118,0
DA:119,0
DA:121,0
DA:124,0
DA:125,0
DA:126,0
DA:127,0
DA:128,0
DA:130,0
DA:133,0
DA:134,0
DA:135,0
DA:136,0
DA:138,0
LF:57
LH:0
end_of_record
SF:lib/features/auth/data/datasources/auth_block_verdict.dart
DA:10,0
DA:11,0
DA:12,0
DA:19,0
LF:4
LH:0
end_of_record
SF:lib/features/auth/data/models/request/forgot_password_request_dto.dart
DA:7,0
DA:11,0
DA:12,0
DA:14,0
LF:4
LH:0
end_of_record
SF:lib/features/auth/data/models/request/forgot_password_request_dto.g.dart
DA:9,0
DA:11,0
DA:12,0
DA:15,0
DA:17,0
DA:18,0
LF:6
LH:0
end_of_record
SF:lib/features/auth/data/models/request/login_request_dto.dart
DA:7,0
DA:15,0
DA:16,0
DA:18,0
LF:4
LH:0
end_of_record
SF:lib/features/auth/data/models/request/login_request_dto.g.dart
DA:9,0
DA:10,0
DA:11,0
DA:12,0
DA:15,0
DA:16,0
DA:17,0
DA:18,0
LF:8
LH:0
end_of_record
SF:lib/features/auth/data/models/request/reset_password_request_dto.dart
DA:7,0
DA:18,0
DA:19,0
DA:21,0
LF:4
LH:0
end_of_record
SF:lib/features/auth/data/models/request/reset_password_request_dto.g.dart
DA:9,0
DA:11,0
DA:12,0
DA:13,0
DA:16,0
DA:18,0
DA:19,0
DA:20,0
LF:8
LH:0
end_of_record
SF:lib/features/auth/data/models/request/register_password_request_dto.dart
DA:9,0
DA:19,0
DA:20,0
DA:22,0
LF:4
LH:0
end_of_record
SF:lib/features/auth/data/models/request/register_password_request_dto.g.dart
DA:9,0
DA:11,0
DA:12,0
DA:13,0
DA:16,0
DA:18,0
DA:19,0
DA:20,0
LF:8
LH:0
end_of_record
SF:lib/features/auth/data/models/request/sign_up_request_dto.dart
DA:7,0
DA:21,0
DA:22,0
DA:24,0
LF:4
LH:0
end_of_record
SF:lib/features/auth/data/models/request/sign_up_request_dto.g.dart
DA:9,0
DA:10,0
DA:11,0
DA:12,0
DA:13,0
DA:14,0
DA:17,0
DA:18,0
DA:19,0
DA:20,0
DA:21,0
DA:22,0
LF:12
LH:0
end_of_record
SF:lib/features/auth/data/models/request/verify_otp_request_dto.dart
DA:9,0
DA:20,0
DA:21,0
DA:23,0
LF:4
LH:0
end_of_record
SF:lib/features/auth/data/models/request/verify_otp_request_dto.g.dart
DA:9,0
DA:10,0
DA:11,0
DA:12,0
DA:15,0
DA:17,0
DA:18,0
DA:19,0
LF:8
LH:0
end_of_record
SF:lib/features/auth/data/models/response/login_data_dto.dart
DA:16,0
DA:47,0
DA:48,0
DA:50,0
LF:4
LH:0
end_of_record
SF:lib/features/auth/data/models/response/login_data_dto.g.dart
DA:9,0
DA:10,0
DA:11,0
DA:12,0
DA:13,0
DA:14,0
DA:15,0
DA:18,0
DA:19,0
DA:20,0
DA:21,0
DA:22,0
DA:23,0
DA:24,0
DA:25,0
LF:15
LH:0
end_of_record
SF:lib/features/auth/data/models/response/otp_challenge_dto.dart
DA:14,4
DA:34,0
DA:35,0
DA:37,0
DA:40,0
DA:42,0
DA:43,0
DA:45,0
LF:8
LH:1
end_of_record
SF:lib/features/auth/data/models/response/otp_challenge_dto.g.dart
DA:9,0
DA:10,0
DA:11,0
DA:12,0
DA:13,0
DA:14,0
DA:17,0
DA:18,0
DA:19,0
DA:20,0
DA:21,0
DA:22,0
LF:12
LH:0
end_of_record
SF:lib/features/auth/data/models/response/register_password_data_dto.dart
DA:10,0
DA:25,0
DA:26,0
DA:28,0
LF:4
LH:0
end_of_record
SF:lib/features/auth/data/models/response/register_password_data_dto.g.dart
DA:9,0
DA:11,0
DA:12,0
DA:13,0
DA:14,0
DA:17,0
DA:19,0
DA:20,0
DA:21,0
DA:22,0
LF:10
LH:0
end_of_record
SF:lib/features/auth/data/models/response/verify_otp_data_dto.dart
DA:16,0
DA:38,0
DA:41,0
DA:42,0
DA:45,0
DA:47,0
DA:48,0
DA:50,0
LF:8
LH:0
end_of_record
SF:lib/features/auth/data/models/response/verify_otp_data_dto.g.dart
DA:9,0
DA:10,0
DA:11,0
DA:12,0
DA:13,0
DA:14,0
DA:17,0
DA:18,0
DA:19,0
DA:20,0
DA:21,0
DA:22,0
LF:12
LH:0
end_of_record
SF:lib/features/auth/domain/entities/otp_challenge.dart
DA:9,0
LF:1
LH:0
end_of_record
SF:lib/features/auth/domain/entities/login_result.dart
DA:11,4
DA:21,4
DA:27,0
LF:3
LH:2
end_of_record
SF:lib/features/auth/domain/entities/sign_up_result.dart
DA:10,4
DA:15,4
DA:21,0
LF:3
LH:2
end_of_record
SF:lib/features/auth/domain/entities/verify_otp_result.dart
DA:6,4
DA:11,4
DA:16,4
DA:22,4
LF:4
LH:4
end_of_record
SF:lib/features/auth/domain/entities/user_entity.dart
DA:2,0
LF:1
LH:0
end_of_record
SF:lib/features/auth/presentation/view_model/change_password_state.dart
DA:10,4
DA:31,0
DA:32,0
DA:36,0
DA:37,0
DA:42,0
DA:43,0
DA:48,0
DA:49,0
DA:50,0
DA:51,0
DA:52,0
DA:54,0
DA:64,0
DA:65,0
DA:66,0
DA:67,0
DA:68,0
DA:69,0
DA:70,0
DA:71,0
LF:21
LH:1
end_of_record
SF:lib/features/auth/presentation/view_model/change_password_view_model.dart
DA:14,0
DA:16,0
DA:20,0
DA:21,0
DA:24,0
DA:25,0
DA:26,0
DA:28,0
DA:29,0
DA:30,0
DA:31,0
DA:32,0
DA:38,0
DA:39,0
DA:42,0
DA:43,0
DA:46,0
DA:48,0
DA:49,0
DA:50,0
DA:51,0
DA:54,0
DA:55,0
DA:56,0
DA:57,0
LF:25
LH:0
end_of_record
SF:lib/features/auth/presentation/widgets/auth_card.dart
DA:9,0
DA:13,0
DA:15,0
DA:17,0
DA:19,0
DA:20,0
DA:21,0
DA:22,0
DA:23,0
DA:24,0
DA:25,0
DA:26,0
DA:32,0
LF:13
LH:0
end_of_record
SF:lib/features/auth/presentation/widgets/auth_header.dart
DA:11,4
DA:24,0
DA:26,0
DA:28,0
DA:30,0
DA:31,0
DA:32,0
DA:33,0
DA:34,0
DA:39,0
DA:40,0
DA:41,0
DA:42,0
DA:43,0
DA:44,0
LF:15
LH:1
end_of_record
SF:lib/features/auth/presentation/widgets/auth_password_field.dart
DA:9,0
DA:22,0
DA:24,0
DA:25,0
DA:26,0
DA:27,0
DA:28,0
LF:7
LH:0
end_of_record
SF:lib/features/auth/presentation/widgets/password_requirement_hint.dart
DA:16,0
DA:28,0
DA:30,0
DA:36,0
DA:38,0
DA:39,0
DA:40,0
DA:41,0
DA:44,0
DA:45,0
DA:46,0
DA:49,0
DA:51,0
DA:52,0
DA:53,0
DA:54,0
DA:55,0
DA:63,0
DA:66,0
DA:67,0
DA:68,0
DA:70,0
DA:71,0
DA:72,0
DA:73,0
DA:74,0
DA:75,0
DA:78,0
DA:80,0
DA:81,0
DA:82,0
DA:83,0
DA:84,0
DA:88,0
DA:89,0
DA:90,0
DA:92,0
DA:98,0
DA:99,0
DA:100,0
DA:108,0
DA:113,0
DA:114,0
DA:120,0
DA:122,0
DA:123,0
DA:124,0
DA:126,0
DA:127,0
DA:128,0
DA:129,0
DA:130,0
DA:133,0
DA:135,0
DA:136,0
DA:137,0
DA:139,0
DA:140,0
DA:141,0
DA:143,0
DA:144,0
DA:145,0
DA:146,0
DA:152,0
DA:155,0
DA:156,0
DA:157,0
DA:158,0
DA:159,0
DA:160,0
DA:161,0
DA:166,0
DA:167,0
DA:168,0
DA:170,0
DA:172,0
DA:173,0
DA:175,0
DA:176,0
LF:79
LH:0
end_of_record
SF:lib/features/auth/presentation/view_model/forgot_password_state.dart
DA:5,4
DA:22,0
DA:24,0
DA:32,0
DA:33,0
DA:34,0
DA:35,0
DA:36,0
DA:37,0
LF:9
LH:1
end_of_record
SF:lib/features/auth/presentation/view_model/auth_state.dart
DA:10,4
DA:14,4
DA:18,4
DA:22,4
DA:30,4
DA:37,0
DA:42,0
DA:50,0
LF:8
LH:5
end_of_record
SF:lib/features/auth/presentation/view_model/otp_state.dart
DA:8,4
DA:41,0
DA:43,0
DA:44,0
DA:45,0
DA:46,0
DA:47,0
DA:49,0
DA:60,0
DA:61,0
DA:62,0
DA:63,0
DA:64,0
DA:65,0
DA:66,0
DA:67,0
DA:68,0
DA:69,0
LF:18
LH:1
end_of_record
SF:lib/features/auth/presentation/view_model/otp_timer_config.dart
DA:7,4
LF:1
LH:1
end_of_record
SF:lib/features/auth/presentation/view_model/otp_view_model.dart
DA:21,0
DA:26,0
DA:27,0
DA:35,0
DA:36,0
DA:37,0
DA:38,0
DA:41,0
DA:46,0
DA:47,0
DA:50,0
DA:53,0
DA:54,0
DA:56,0
DA:57,0
DA:63,0
DA:64,0
DA:70,0
DA:71,0
DA:72,0
DA:73,0
DA:74,0
DA:75,0
DA:83,0
DA:84,0
DA:93,0
DA:94,0
DA:97,0
DA:98,0
DA:101,0
DA:102,0
DA:103,0
DA:104,0
DA:105,0
DA:108,0
DA:109,0
DA:112,0
DA:113,0
DA:114,0
DA:115,0
DA:118,0
DA:119,0
DA:120,0
DA:122,0
DA:123,0
DA:124,0
DA:132,0
DA:133,0
DA:136,0
DA:138,0
DA:139,0
LF:51
LH:0
end_of_record
SF:lib/features/auth/presentation/widgets/otp_input_field.dart
DA:17,0
DA:44,0
DA:45,0
DA:58,0
DA:60,0
DA:61,0
DA:62,0
DA:63,0
DA:66,0
DA:67,0
DA:71,0
DA:72,0
DA:73,0
DA:74,0
DA:75,0
DA:76,0
DA:80,0
DA:81,0
DA:83,0
DA:85,0
DA:86,0
DA:88,0
DA:91,0
DA:93,0
DA:94,0
DA:96,0
DA:97,0
DA:99,0
DA:100,0
DA:101,0
DA:102,0
DA:103,0
DA:104,0
DA:105,0
DA:106,0
DA:110,0
DA:111,0
DA:112,0
DA:113,0
DA:114,0
DA:120,0
DA:121,0
DA:123,0
DA:124,0
DA:125,0
DA:126,0
DA:129,0
DA:130,0
DA:131,0
DA:146,0
DA:168,0
DA:170,0
DA:171,0
DA:173,0
DA:176,0
DA:177,0
DA:179,0
DA:181,0
DA:183,0
DA:186,0
DA:189,0
DA:190,0
DA:191,0
DA:192,0
DA:194,0
DA:197,0
DA:198,0
DA:199,0
DA:200,0
LF:69
LH:0
end_of_record
SF:lib/features/auth/presentation/view_model/register_password_state.dart
DA:9,4
DA:28,0
DA:29,0
DA:33,0
DA:34,0
DA:38,0
DA:40,0
DA:49,0
DA:50,0
DA:51,0
DA:52,0
DA:53,0
DA:54,0
DA:55,0
LF:14
LH:1
end_of_record
SF:lib/features/auth/presentation/view_model/register_password_view_model.dart
DA:14,0
DA:17,0
DA:21,0
DA:22,0
DA:23,0
DA:25,0
DA:26,0
DA:27,0
DA:28,0
DA:29,0
DA:35,0
DA:36,0
DA:39,0
DA:40,0
DA:43,0
DA:45,0
DA:46,0
DA:47,0
DA:48,0
DA:49,0
LF:20
LH:0
end_of_record
SF:lib/features/auth/presentation/view_model/reset_password_state.dart
DA:10,4
DA:29,0
DA:30,0
DA:34,0
DA:35,0
DA:37,0
DA:39,0
DA:48,0
DA:49,0
DA:50,0
DA:51,0
DA:52,0
DA:53,0
DA:54,0
LF:14
LH:1
end_of_record
SF:lib/features/auth/presentation/view_model/reset_password_view_model.dart
DA:9,0
DA:11,0
DA:15,0
DA:16,0
DA:17,0
DA:19,0
DA:20,0
DA:21,0
DA:22,0
DA:23,0
DA:29,0
DA:30,0
DA:33,0
DA:34,0
DA:37,0
DA:39,0
DA:40,0
DA:41,0
DA:42,0
DA:43,0
LF:20
LH:0
end_of_record
SF:lib/features/auth/presentation/view_model/sign_up_state.dart
DA:10,4
DA:35,0
DA:37,0
DA:47,0
DA:48,0
DA:49,0
DA:50,0
DA:51,0
DA:52,0
DA:53,0
DA:54,0
LF:11
LH:1
end_of_record
SF:lib/features/auth/presentation/view_model/password_strength.dart
DA:4,0
DA:11,4
DA:22,0
DA:23,0
LF:4
LH:1
end_of_record
SF:lib/features/auth/presentation/widgets/validate_icon_widget.dart
DA:12,0
DA:29,0
DA:31,0
DA:32,0
DA:33,0
DA:34,0
DA:35,0
DA:37,0
DA:38,0
DA:39,0
DA:41,0
DA:42,0
DA:44,0
DA:47,0
DA:48,0
DA:49,0
DA:50,0
DA:51,0
DA:52,0
DA:53,0
DA:62,0
DA:63,0
DA:64,0
DA:65,0
DA:68,0
DA:69,0
DA:70,0
DA:71,0
LF:28
LH:0
end_of_record
SF:lib/features/commission/presentation/pages/commission_page.dart
DA:19,4
DA:21,1
DA:23,1
DA:24,4
DA:31,4
DA:33,1
DA:35,2
DA:37,1
DA:38,2
DA:39,1
DA:40,2
DA:44,1
DA:45,1
DA:46,5
DA:50,1
DA:51,1
DA:52,2
DA:53,1
DA:54,1
DA:62,4
DA:64,1
DA:66,2
DA:68,1
DA:69,1
DA:70,1
DA:71,1
DA:72,1
DA:73,1
DA:75,1
DA:76,3
DA:77,1
DA:80,1
DA:81,2
DA:82,1
DA:83,1
DA:84,2
DA:85,2
DA:87,1
DA:89,4
DA:91,3
DA:93,1
DA:95,1
DA:97,1
DA:100,1
DA:102,2
DA:106,1
DA:107,2
DA:108,3
DA:109,1
DA:111,3
DA:113,2
DA:114,2
DA:129,1
DA:133,1
DA:135,1
DA:136,1
DA:137,4
DA:138,1
DA:140,1
DA:141,1
DA:144,1
DA:145,3
DA:148,1
DA:149,3
DA:151,4
DA:152,1
DA:153,1
DA:155,3
DA:156,4
DA:158,4
DA:159,1
DA:160,1
DA:162,3
DA:163,4
DA:173,1
DA:177,1
DA:179,2
DA:180,1
DA:182,1
DA:184,1
DA:185,1
DA:186,1
DA:187,2
DA:189,2
DA:190,2
DA:192,1
DA:193,2
DA:194,2
DA:195,2
DA:196,1
DA:199,1
DA:200,3
DA:201,1
DA:202,2
DA:203,1
DA:204,4
DA:205,4
DA:208,3
DA:209,1
DA:210,3
DA:211,0
DA:212,1
DA:213,1
DA:214,2
DA:216,2
DA:217,2
DA:219,3
DA:220,1
DA:221,3
DA:222,1
DA:223,4
DA:230,1
DA:235,1
DA:237,1
DA:243,0
DA:247,0
DA:249,0
DA:250,0
DA:251,0
DA:252,0
DA:254,0
DA:255,0
DA:256,0
DA:257,0
DA:258,0
DA:259,0
DA:261,0
DA:262,0
LF:128
LH:113
end_of_record
SF:lib/features/commission/presentation/widgets/commission_filter_sheet.dart
DA:11,2
DA:15,4
DA:16,2
DA:19,4
DA:23,4
DA:28,2
DA:32,2
DA:33,2
DA:37,6
DA:52,2
DA:54,4
DA:56,2
DA:58,2
DA:59,2
DA:60,4
DA:61,4
DA:62,4
DA:63,4
DA:65,2
DA:68,2
DA:69,2
DA:70,2
DA:73,2
DA:74,4
DA:76,6
DA:80,6
DA:81,2
DA:82,2
DA:83,4
DA:84,6
DA:86,6
DA:87,4
DA:88,2
DA:89,2
DA:90,4
DA:91,8
DA:92,2
DA:93,5
DA:97,6
DA:98,4
DA:99,6
DA:100,2
DA:101,4
DA:102,4
DA:103,2
DA:104,2
DA:105,2
DA:106,4
DA:107,8
DA:108,4
DA:109,10
DA:115,6
DA:116,2
DA:117,2
DA:118,2
DA:119,2
DA:120,2
DA:121,2
DA:123,2
DA:124,4
DA:125,6
DA:126,2
DA:127,4
DA:128,2
DA:129,2
DA:130,4
DA:133,4
DA:136,6
DA:137,2
DA:139,2
DA:140,8
DA:141,2
DA:142,4
DA:143,2
DA:144,4
DA:145,2
DA:146,2
DA:147,4
DA:150,4
DA:163,2
DA:168,2
DA:170,2
DA:171,4
DA:172,8
DA:173,6
DA:182,2
DA:194,2
DA:196,2
DA:197,2
DA:198,2
DA:199,8
DA:200,2
DA:202,2
DA:203,2
DA:204,2
DA:205,8
DA:206,14
DA:207,2
DA:210,2
DA:211,2
DA:214,2
DA:215,6
DA:216,6
DA:227,2
DA:239,2
DA:241,2
DA:242,2
DA:243,2
DA:244,2
DA:245,6
DA:246,6
DA:248,2
DA:249,14
DA:251,8
DA:252,2
DA:253,14
DA:256,2
DA:257,2
DA:258,8
DA:259,14
LF:120
LH:120
end_of_record
SF:lib/features/commission/presentation/widgets/commission_location_banner.dart
DA:10,2
DA:23,2
DA:25,4
DA:26,4
DA:28,2
DA:29,6
DA:30,2
DA:31,2
DA:34,10
DA:36,6
DA:38,2
DA:39,2
DA:40,2
DA:43,2
DA:44,10
DA:46,6
DA:48,2
DA:49,4
DA:51,6
DA:52,2
DA:53,2
DA:55,2
DA:56,2
DA:57,2
DA:58,6
DA:59,4
DA:64,2
DA:65,2
DA:66,2
DA:67,2
DA:69,4
DA:72,4
DA:73,6
DA:78,2
DA:79,2
DA:81,6
LF:36
LH:36
end_of_record
SF:lib/features/commission/presentation/widgets/commission_sort_bar.dart
DA:11,2
DA:22,2
DA:24,4
DA:26,2
DA:28,2
DA:31,2
DA:32,2
DA:33,2
DA:35,6
DA:36,3
DA:39,6
DA:40,2
DA:41,2
DA:42,6
DA:43,6
DA:44,3
DA:47,6
DA:48,2
DA:49,2
DA:50,6
DA:51,6
DA:54,6
DA:55,2
DA:56,4
DA:57,2
DA:67,2
DA:81,2
DA:83,14
DA:84,14
DA:86,2
DA:87,2
DA:88,2
DA:89,8
DA:90,2
DA:93,8
DA:94,2
DA:96,14
DA:99,2
DA:100,2
DA:101,4
DA:102,4
DA:105,2
DA:106,2
DA:107,6
DA:108,2
DA:118,2
DA:128,2
DA:130,2
DA:131,2
DA:132,2
DA:133,8
DA:134,2
DA:135,6
DA:137,8
DA:138,2
DA:139,14
DA:142,2
DA:143,2
DA:144,2
DA:146,14
DA:148,2
DA:149,2
DA:150,8
DA:151,6
LF:64
LH:64
end_of_record
SF:lib/features/home/domain/entities/deal_record.dart
DA:9,4
DA:33,0
DA:42,0
DA:43,0
DA:44,0
DA:45,0
DA:46,0
DA:47,0
DA:48,0
DA:49,0
DA:53,0
DA:54,0
DA:55,0
DA:56,0
DA:57,0
DA:58,0
DA:59,0
DA:60,0
DA:61,0
LF:19
LH:1
end_of_record
SF:lib/features/home/domain/entities/property_listing.dart
DA:9,4
DA:35,0
DA:45,0
DA:46,0
DA:47,0
DA:48,0
DA:49,0
DA:50,0
DA:51,0
DA:52,0
DA:53,0
DA:57,0
DA:59,0
LF:13
LH:1
end_of_record
SF:lib/features/home/presentation/pages/home_page.dart
DA:21,4
DA:23,0
DA:25,0
DA:26,0
DA:33,4
DA:35,0
DA:37,0
DA:39,0
DA:40,0
DA:41,0
DA:42,0
DA:43,0
DA:44,0
DA:45,0
DA:46,0
DA:55,0
DA:59,0
DA:61,0
DA:62,0
DA:64,0
DA:65,0
DA:66,0
DA:67,0
DA:69,0
DA:70,0
DA:71,0
DA:72,0
DA:73,0
DA:74,0
DA:76,0
DA:77,0
DA:78,0
DA:79,0
DA:80,0
DA:81,0
DA:83,0
DA:85,0
DA:86,0
DA:88,0
DA:89,0
DA:90,0
DA:93,0
DA:95,0
DA:97,0
DA:98,0
DA:100,0
DA:101,0
DA:102,0
DA:103,0
DA:104,0
DA:105,0
DA:117,0
DA:122,0
DA:124,0
DA:126,0
DA:129,0
DA:130,0
DA:131,0
DA:132,0
LF:59
LH:2
end_of_record
SF:lib/features/home/presentation/view_model/home_state.dart
DA:7,4
DA:11,4
DA:15,4
DA:19,4
DA:52,0
LF:5
LH:4
end_of_record
SF:lib/features/home/presentation/widgets/deal_tile.dart
DA:13,0
DA:18,0
DA:20,0
DA:21,0
DA:23,0
DA:24,0
DA:25,0
DA:26,0
DA:27,0
DA:28,0
DA:30,0
DA:31,0
DA:33,0
DA:34,0
DA:35,0
DA:38,0
DA:39,0
DA:41,0
DA:43,0
DA:44,0
DA:46,0
DA:47,0
DA:48,0
DA:50,0
DA:51,0
DA:52,0
DA:55,0
DA:56,0
DA:61,0
DA:62,0
DA:63,0
DA:64,0
DA:68,0
DA:69,0
DA:74,0
DA:75,0
DA:77,0
DA:78,0
DA:79,0
DA:80,0
DA:81,0
DA:86,0
DA:87,0
DA:88,0
DA:89,0
DA:101,0
DA:107,0
DA:109,0
DA:110,0
DA:111,0
DA:112,0
DA:113,0
DA:114,0
DA:115,0
DA:116,0
DA:117,0
LF:56
LH:0
end_of_record
SF:lib/features/home/presentation/widgets/home_header.dart
DA:11,0
DA:24,0
DA:26,0
DA:28,0
DA:29,0
DA:30,0
DA:33,0
DA:37,0
DA:38,0
DA:39,0
DA:40,0
DA:41,0
DA:43,0
DA:45,0
DA:46,0
DA:47,0
DA:48,0
DA:49,0
DA:50,0
DA:51,0
DA:52,0
DA:63,0
DA:68,0
DA:70,0
DA:71,0
DA:72,0
DA:74,0
DA:75,0
DA:76,0
DA:80,0
DA:81,0
DA:84,0
DA:85,0
DA:86,0
DA:87,0
DA:92,0
DA:93,0
DA:94,0
DA:96,0
DA:97,0
DA:98,0
DA:99,0
DA:100,0
DA:104,0
DA:105,0
DA:106,0
DA:107,0
DA:108,0
DA:110,0
DA:111,0
DA:117,0
DA:118,0
DA:124,0
DA:131,0
DA:135,0
DA:137,0
DA:138,0
DA:139,0
DA:142,0
DA:143,0
DA:144,0
DA:146,0
DA:147,0
DA:148,0
DA:149,0
DA:158,0
DA:162,0
DA:164,0
DA:167,0
DA:168,0
DA:169,0
DA:171,0
DA:173,0
DA:174,0
DA:175,0
DA:176,0
DA:179,0
DA:182,0
DA:183,0
DA:185,0
DA:196,0
DA:208,0
DA:210,0
DA:212,0
DA:213,0
DA:214,0
DA:215,0
DA:216,0
DA:217,0
DA:218,0
DA:224,0
DA:226,0
DA:227,0
DA:228,0
DA:229,0
DA:232,0
DA:233,0
DA:234,0
DA:235,0
DA:238,0
DA:239,0
DA:241,0
DA:242,0
DA:243,0
DA:244,0
DA:245,0
DA:249,0
DA:250,0
DA:251,0
DA:252,0
DA:253,0
DA:258,0
DA:259,0
DA:260,0
DA:261,0
DA:262,0
DA:263,0
DA:264,0
DA:265,0
DA:266,0
DA:267,0
DA:270,0
DA:271,0
DA:272,0
DA:273,0
DA:274,0
DA:275,0
DA:287,0
DA:297,0
DA:299,0
DA:300,0
DA:301,0
DA:303,0
DA:304,0
DA:305,0
DA:306,0
DA:307,0
DA:310,0
DA:311,0
DA:312,0
DA:313,0
LF:141
LH:0
end_of_record
SF:lib/features/home/presentation/widgets/property_card.dart
DA:13,0
DA:18,0
DA:20,0
DA:22,0
DA:23,0
DA:24,0
DA:26,0
DA:27,0
DA:29,0
DA:30,0
DA:33,0
DA:35,0
DA:36,0
DA:37,0
DA:38,0
DA:39,0
DA:41,0
DA:42,0
DA:43,0
DA:46,0
DA:47,0
DA:52,0
DA:53,0
DA:54,0
DA:55,0
DA:57,0
DA:58,0
DA:59,0
DA:62,0
DA:63,0
DA:68,0
DA:69,0
DA:70,0
DA:71,0
DA:72,0
DA:77,0
DA:78,0
DA:79,0
DA:80,0
DA:82,0
DA:85,0
DA:86,0
DA:88,0
DA:104,0
DA:109,0
DA:111,0
DA:113,0
DA:115,0
DA:116,0
DA:117,0
DA:118,0
DA:119,0
DA:120,0
DA:123,0
DA:126,0
DA:128,0
DA:131,0
DA:132,0
DA:133,0
DA:134,0
DA:135,0
DA:136,0
DA:137,0
DA:139,0
DA:140,0
DA:142,0
DA:144,0
DA:145,0
DA:146,0
DA:147,0
DA:153,0
DA:154,0
DA:155,0
DA:156,0
DA:157,0
DA:158,0
DA:159,0
DA:169,0
DA:175,0
DA:177,0
DA:178,0
DA:179,0
DA:181,0
DA:182,0
DA:183,0
DA:184,0
DA:192,0
DA:198,0
DA:200,0
DA:201,0
DA:202,0
DA:203,0
DA:204,0
DA:205,0
DA:206,0
DA:207,0
DA:208,0
LF:97
LH:0
end_of_record
SF:lib/features/home/presentation/widgets/quick_actions.dart
DA:10,0
DA:14,0
DA:16,0
DA:18,0
DA:19,0
DA:26,0
DA:27,0
DA:28,0
DA:29,0
DA:36,4
DA:46,0
DA:51,0
DA:54,0
DA:55,0
DA:57,0
DA:58,0
DA:59,0
DA:60,0
DA:61,0
DA:62,0
DA:63,0
DA:64,0
DA:67,0
DA:70,0
DA:72,0
DA:74,0
DA:75,0
DA:76,0
DA:80,0
DA:81,0
LF:30
LH:1
end_of_record
SF:lib/features/home/presentation/widgets/section_header.dart
DA:10,0
DA:19,0
DA:21,0
DA:23,0
DA:25,0
DA:26,0
DA:27,0
DA:28,0
DA:29,0
DA:34,0
DA:35,0
DA:36,0
DA:37,0
DA:38,0
DA:39,0
DA:40,0
LF:16
LH:0
end_of_record
SF:lib/features/home/presentation/widgets/stats_row.dart
DA:9,0
DA:18,0
DA:20,0
DA:22,0
DA:23,0
DA:24,0
DA:25,0
DA:27,0
DA:32,0
DA:33,0
DA:34,0
DA:36,0
DA:47,0
DA:59,0
DA:61,0
DA:62,0
DA:63,0
DA:64,0
DA:65,0
DA:66,0
DA:68,0
DA:70,0
DA:71,0
DA:72,0
DA:73,0
DA:74,0
DA:75,0
DA:76,0
DA:81,0
DA:82,0
DA:83,0
DA:84,0
LF:32
LH:0
end_of_record
SF:lib/features/profile/presentation/pages/profile_page.dart
DA:27,4
DA:29,0
DA:31,0
DA:32,0
DA:39,4
DA:41,0
DA:43,0
DA:44,0
DA:46,0
DA:47,0
DA:48,0
DA:49,0
DA:50,0
DA:51,0
DA:53,0
DA:54,0
DA:55,0
DA:56,0
DA:58,0
DA:59,0
DA:64,0
DA:66,0
DA:68,0
DA:69,0
DA:70,0
DA:72,0
DA:73,0
DA:74,0
DA:75,0
DA:76,0
DA:78,0
DA:79,0
DA:81,0
DA:83,0
DA:84,0
DA:86,0
DA:88,0
DA:89,0
DA:90,0
DA:93,0
DA:95,0
DA:96,0
DA:97,0
DA:98,0
DA:101,0
DA:106,0
DA:107,0
DA:108,0
DA:109,0
DA:110,0
DA:112,0
DA:113,0
DA:115,0
DA:117,0
DA:118,0
DA:120,0
DA:122,0
DA:123,0
DA:125,0
DA:127,0
DA:128,0
DA:130,0
DA:132,0
DA:138,0
DA:139,0
DA:140,0
DA:141,0
DA:143,0
DA:144,0
DA:146,0
DA:148,0
DA:150,0
DA:154,0
DA:164,0
DA:166,0
DA:167,0
DA:169,0
DA:170,0
DA:171,0
DA:173,0
DA:174,0
DA:178,0
DA:179,0
DA:181,0
DA:182,0
DA:183,0
DA:186,0
DA:194,4
DA:198,0
DA:199,0
DA:202,0
DA:205,0
DA:207,0
DA:208,0
DA:209,0
DA:210,0
DA:211,0
DA:213,0
DA:221,0
DA:226,0
DA:228,0
DA:229,0
DA:230,0
DA:231,0
DA:233,0
DA:234,0
DA:235,0
DA:236,0
DA:247,4
DA:249,0
DA:250,0
DA:256,0
DA:258,0
DA:259,0
DA:261,0
DA:262,0
DA:263,0
DA:264,0
DA:266,0
LF:119
LH:4
end_of_record
SF:lib/features/main/presentation/widgets/main_bottom_nav.dart
DA:12,0
DA:23,0
DA:25,0
DA:27,0
DA:28,0
DA:29,0
DA:30,0
DA:31,0
DA:32,0
DA:38,0
DA:40,0
DA:42,0
DA:43,0
DA:44,0
DA:45,0
DA:46,0
DA:47,0
DA:48,0
DA:52,0
DA:53,0
DA:54,0
DA:55,0
DA:67,0
DA:79,0
DA:81,0
DA:83,0
DA:84,0
DA:85,0
DA:86,0
DA:87,0
DA:89,0
DA:92,0
DA:93,0
DA:94,0
DA:99,0
DA:100,0
DA:101,0
DA:103,0
DA:115,0
DA:125,0
DA:127,0
DA:129,0
DA:130,0
DA:131,0
DA:133,0
DA:135,0
DA:138,0
DA:139,0
DA:142,0
DA:143,0
DA:146,0
DA:149,0
DA:150,0
DA:151,0
DA:152,0
DA:158,0
DA:161,0
DA:162,0
DA:163,0
DA:164,0
LF:60
LH:0
end_of_record
SF:lib/features/main/presentation/widgets/placeholder_tab_page.dart
DA:11,4
DA:26,0
DA:28,0
DA:30,0
DA:31,0
DA:33,0
DA:34,0
DA:35,0
DA:36,0
DA:40,0
DA:41,0
DA:42,0
DA:45,0
DA:46,0
DA:47,0
DA:48,0
DA:50,0
DA:51,0
DA:55,0
DA:56,0
DA:58,0
DA:59,0
DA:60,0
DA:62,0
DA:63,0
DA:65,0
DA:66,0
DA:67,0
DA:68,0
DA:70,0
DA:71,0
DA:74,0
DA:75,0
DA:76,0
DA:77,0
DA:78,0
DA:80,0
DA:81,0
DA:83,0
DA:85,0
DA:86,0
DA:87,0
DA:88,0
LF:43
LH:1
end_of_record
SF:lib/features/onboarding/presentation/view_model/billing_info_state.dart
DA:3,4
DA:17,0
DA:18,0
DA:19,0
DA:20,0
DA:21,0
DA:22,0
DA:24,0
DA:31,0
DA:32,0
DA:33,0
DA:34,0
DA:35,0
DA:36,0
LF:14
LH:1
end_of_record
SF:lib/features/onboarding/presentation/widgets/step_header.dart
DA:9,0
DA:20,0
DA:22,0
DA:24,0
DA:26,0
DA:27,0
DA:28,0
DA:29,0
DA:30,0
DA:33,0
DA:35,0
DA:36,0
DA:37,0
DA:39,0
DA:40,0
DA:41,0
DA:42,0
LF:17
LH:0
end_of_record
SF:lib/features/onboarding/presentation/view_model/personal_info_state.dart
DA:6,4
DA:26,0
DA:27,0
DA:28,0
DA:29,0
DA:30,0
DA:32,0
DA:42,0
DA:43,0
DA:44,0
DA:45,0
DA:46,0
DA:47,0
DA:48,0
DA:49,0
DA:50,0
LF:16
LH:1
end_of_record
SF:lib/features/profile/data/models/request/change_password_request_dto.dart
DA:7,0
DA:18,0
DA:19,0
DA:21,0
LF:4
LH:0
end_of_record
SF:lib/features/profile/data/models/request/change_password_request_dto.g.dart
DA:9,0
DA:11,0
DA:12,0
DA:13,0
DA:16,0
DA:18,0
DA:19,0
DA:20,0
LF:8
LH:0
end_of_record
SF:lib/features/profile/data/models/user_profile_dto.dart
DA:11,0
DA:23,0
DA:24,0
DA:26,0
DA:28,0
DA:29,0
DA:30,0
DA:31,0
DA:32,0
LF:9
LH:0
end_of_record
SF:lib/features/profile/data/models/user_profile_dto.g.dart
DA:9,0
DA:10,0
DA:11,0
DA:12,0
DA:13,0
DA:14,0
DA:17,0
DA:18,0
DA:19,0
DA:20,0
DA:21,0
DA:22,0
LF:12
LH:0
end_of_record
SF:lib/features/profile/domain/entities/user_profile.dart
DA:3,0
LF:1
LH:0
end_of_record
SF:lib/features/profile/presentation/view_model/profile_state.dart
DA:6,4
DA:10,4
DA:14,4
DA:18,0
DA:23,0
LF:5
LH:3
end_of_record
SF:lib/features/profile/presentation/widgets/profile_group.dart
DA:9,0
DA:13,0
DA:15,0
DA:17,0
DA:18,0
DA:19,0
DA:20,0
DA:21,0
DA:24,0
DA:25,0
DA:26,0
DA:27,0
DA:28,0
DA:29,0
LF:14
LH:0
end_of_record
SF:lib/features/profile/presentation/widgets/profile_header.dart
DA:10,0
DA:19,0
DA:21,0
DA:23,0
DA:24,0
DA:25,0
DA:28,0
DA:32,0
DA:34,0
DA:35,0
DA:36,0
DA:37,0
DA:38,0
DA:39,0
DA:41,0
DA:42,0
DA:43,0
DA:44,0
DA:45,0
DA:46,0
DA:47,0
DA:48,0
DA:54,0
DA:55,0
DA:56,0
DA:57,0
DA:69,0
DA:73,0
DA:75,0
DA:78,0
DA:79,0
DA:80,0
DA:84,0
DA:85,0
DA:88,0
DA:90,0
DA:93,0
DA:97,0
DA:98,0
DA:100,0
DA:102,0
LF:41
LH:0
end_of_record
SF:lib/features/profile/presentation/widgets/profile_tile.dart
DA:18,0
DA:37,0
DA:39,0
DA:41,0
DA:43,0
DA:44,0
DA:46,0
DA:47,0
DA:48,0
DA:50,0
DA:51,0
DA:52,0
DA:53,0
DA:54,0
DA:57,0
DA:59,0
DA:61,0
DA:63,0
DA:64,0
DA:65,0
DA:66,0
DA:67,0
DA:68,0
DA:71,0
DA:72,0
DA:73,0
DA:74,0
DA:75,0
DA:76,0
DA:77,0
DA:80,0
DA:81,0
DA:82,0
DA:83,0
DA:85,0
LF:35
LH:0
end_of_record
SF:lib/features/qr_scan/data/scanned_property_resolver.dart
DA:7,0
DA:8,0
LF:2
LH:0
end_of_record
SF:lib/features/qr_scan/domain/entities/scanned_property.dart
DA:5,0
DA:30,0
DA:32,0
LF:3
LH:0
end_of_record
SF:lib/features/qr_scan/presentation/widgets/scan_result_sheet.dart
DA:14,0
DA:18,0
DA:19,0
DA:23,0
DA:27,0
DA:32,0
DA:36,0
DA:38,0
DA:40,0
DA:42,0
DA:43,0
DA:44,0
DA:45,0
DA:46,0
DA:47,0
DA:49,0
DA:52,0
DA:53,0
DA:54,0
DA:57,0
DA:58,0
DA:60,0
DA:64,0
DA:65,0
DA:67,0
DA:68,0
DA:71,0
DA:72,0
DA:75,0
DA:77,0
DA:78,0
DA:80,0
DA:82,0
DA:85,0
DA:86,0
DA:87,0
DA:89,0
DA:90,0
DA:91,0
DA:92,0
DA:93,0
DA:94,0
DA:95,0
DA:99,0
DA:100,0
DA:101,0
DA:102,0
DA:103,0
DA:104,0
DA:107,0
DA:108,0
DA:115,0
DA:116,0
DA:118,0
DA:119,0
DA:120,0
DA:121,0
DA:122,0
DA:126,0
DA:127,0
DA:128,0
DA:129,0
DA:131,0
DA:132,0
DA:133,0
DA:134,0
DA:136,0
DA:137,0
DA:138,0
DA:139,0
DA:140,0
DA:143,0
DA:144,0
DA:151,0
DA:152,0
DA:154,0
DA:155,0
DA:156,0
DA:157,0
DA:158,0
DA:160,0
DA:161,0
DA:163,0
DA:166,0
DA:169,0
DA:170,0
DA:171,0
DA:172,0
DA:173,0
DA:174,0
DA:175,0
DA:176,0
DA:177,0
DA:189,0
DA:193,0
DA:195,0
DA:196,0
DA:197,0
DA:198,0
DA:200,0
DA:201,0
DA:202,0
DA:204,0
DA:206,0
DA:207,0
DA:208,0
DA:210,0
DA:211,0
DA:212,0
DA:213,0
LF:110
LH:0
end_of_record
SF:lib/features/qr_scan/presentation/widgets/scanner_overlay.dart
DA:8,0
DA:17,0
DA:18,0
DA:28,0
DA:30,0
DA:31,0
DA:34,0
DA:36,0
DA:37,0
DA:38,0
DA:40,0
DA:41,0
DA:42,0
DA:43,0
DA:51,0
DA:61,0
DA:63,0
DA:64,0
DA:65,0
DA:66,0
DA:69,0
DA:72,0
DA:73,0
DA:74,0
DA:75,0
DA:76,0
DA:79,0
DA:80,0
DA:81,0
DA:82,0
DA:83,0
DA:87,0
DA:88,0
DA:89,0
DA:90,0
DA:92,0
DA:93,0
DA:94,0
DA:95,0
DA:97,0
DA:98,0
DA:99,0
DA:100,0
DA:102,0
DA:103,0
DA:104,0
DA:105,0
DA:108,0
DA:109,0
DA:110,0
DA:111,0
DA:112,0
DA:113,0
DA:114,0
DA:115,0
DA:120,0
DA:122,0
DA:123,0
DA:124,0
LF:59
LH:0
end_of_record
SF:lib/features/splash/presentation/view_model/splash_state.dart
DA:5,4
DA:9,4
DA:15,0
LF:3
LH:2
end_of_record
